Ngram1	Ngram2	Stream	Rank
E	J	R	24
T	W	R	36
A	Q	R	75
O	V	R	84
I	F	R	75
N	B	R	120
S	U	R	91
R	K	R	176
H	G	R	153
L	D	R	110
D	L	R	110
C	M	R	168
U	S	R	91
M	C	R	168
F	I	R	75
P	X	R	368
G	H	R	153
W	T	R	36
Y	Z	R	494
B	N	R	120
V	O	R	84
K	R	R	176
X	P	R	368
J	E	R	24
Q	A	R	75
Z	Y	R	494
E	Z	D	26
T	S	D	14
A	P	D	48
O	O	D	16
I	U	D	65
N	L	D	60
S	T	D	14
R	C	D	96
H	V	D	189
L	N	D	60
D	K	D	242
C	R	D	96
U	I	D	65
M	M	D	196
F	X	D	345
P	A	D	48
G	W	D	306
W	G	D	306
Y	B	D	380
B	Y	D	380
V	H	D	189
K	D	D	242
X	F	D	345
J	Q	D	600
Q	J	D	600
Z	E	D	26
E	D	U	11
T	L	U	20
A	H	U	27
O	J	U	96
I	S	U	35
N	Y	U	114
S	I	U	35
R	Q	U	200
H	A	U	27
L	T	U	20
D	E	U	11
C	F	U	180
U	K	U	286
M	P	U	224
F	C	U	180
P	M	U	224
G	B	U	340
W	X	U	414
Y	N	U	114
B	G	U	340
V	Z	U	546
K	U	U	286
X	W	U	414
J	O	U	96
Q	R	U	200
Z	V	U	546
E	A	M	3
T	H	M	18
A	E	M	3
O	G	M	68
I	P	M	80
N	Z	M	156
S	F	M	105
R	L	M	80
H	T	M	18
L	R	M	80
D	B	M	220
C	C	M	144
U	W	M	234
M	K	M	308
F	S	M	105
P	I	M	80
G	O	M	68
W	U	M	234
Y	J	M	456
B	D	M	220
V	V	M	441
K	M	M	308
X	Q	M	575
J	Y	M	456
Q	X	M	575
Z	N	M	156
E	J	R	24
T	W	R	36
A	Q	R	75
O	V	R	84
I	F	R	75
N	B	R	120
S	U	R	91
R	K	R	176
H	G	R	153
L	D	R	110
D	L	R	110
C	M	R	168
U	S	R	91
M	C	R	168
F	I	R	75
P	X	R	368
G	H	R	153
W	T	R	36
Y	Z	R	494
B	N	R	120
V	O	R	84
K	R	R	176
X	P	R	368
J	E	R	24
Q	A	R	75
Z	Y	R	494
E	T	I	2
T	E	I	2
A	B	I	60
O	D	I	44
I	K	I	110
N	V	I	126
S	C	I	84
R	H	I	72
H	R	I	72
L	X	I	230
D	O	I	44
C	S	I	84
U	Q	I	325
M	W	I	252
F	P	I	240
P	F	I	240
G	Y	I	323
W	M	I	252
Y	G	I	323
B	A	I	60
V	N	I	126
K	I	I	110
X	L	I	230
J	Z	I	624
Q	U	I	325
Z	J	I	624
E	L	Y	10
T	X	Y	46
A	U	Y	39
O	W	Y	72
I	G	Y	85
N	C	Y	72
S	V	Y	147
R	R	Y	64
H	H	Y	81
L	E	Y	10
D	M	Y	154
C	N	Y	72
U	A	Y	39
M	D	Y	154
F	J	Y	360
P	Z	Y	416
G	I	Y	85
W	O	Y	72
Y	K	Y	418
B	Q	Y	500
V	S	Y	147
K	Y	Y	418
X	T	Y	46
J	F	Y	360
Q	B	Y	500
Z	P	Y	416
E	F	W	15
T	N	W	12
A	J	W	72
O	M	W	56
I	B	W	100
N	T	W	12
S	L	W	70
R	V	W	168
H	C	W	108
L	S	W	70
D	G	W	187
C	H	W	108
U	Y	W	247
M	O	W	56
F	E	W	15
P	Q	W	400
G	D	W	187
W	K	W	396
Y	U	W	247
B	I	W	100
V	R	W	168
K	W	W	396
X	Z	W	598
J	A	W	72
Q	P	W	400
Z	X	W	598
E	Q	O	25
T	R	O	16
A	X	O	69
O	K	O	88
I	J	O	120
N	F	O	90
S	Z	O	182
R	T	O	16
H	L	O	90
L	H	O	90
D	U	O	143
C	V	O	252
U	D	O	143
M	G	O	238
F	N	O	90
P	Y	O	304
G	M	O	238
W	B	O	360
Y	P	O	304
B	W	O	360
V	C	O	252
K	O	O	88
X	A	O	69
J	I	O	120
Q	E	O	25
Z	S	O	182
E	L	Y	10
T	X	Y	46
A	U	Y	39
O	W	Y	72
I	G	Y	85
N	C	Y	72
S	V	Y	147
R	R	Y	64
H	H	Y	81
L	E	Y	10
D	M	Y	154
C	N	Y	72
U	A	Y	39
M	D	Y	154
F	J	Y	360
P	Z	Y	416
G	I	Y	85
W	O	Y	72
Y	K	Y	418
B	Q	Y	500
V	S	Y	147
K	Y	Y	418
X	T	Y	46
J	F	Y	360
Q	B	Y	500
Z	P	Y	416
E	B	N	20
T	I	N	10
A	F	N	45
O	H	N	36
I	T	N	10
N	K	N	132
S	G	N	119
R	M	N	112
H	O	N	36
L	Y	N	190
D	C	N	132
C	D	N	132
U	X	N	299
M	R	N	112
F	A	N	45
P	J	N	384
G	S	N	119
W	V	N	378
Y	L	N	190
B	E	N	20
V	W	N	378
K	N	N	132
X	U	N	299
J	P	N	384
Q	Z	N	650
Z	Q	N	650
E	I	K	5
T	V	K	42
A	N	K	18
O	U	K	52
I	E	K	5
N	A	K	18
S	Q	K	175
R	Z	K	208
H	F	K	135
L	C	K	120
D	J	K	264
C	L	K	120
U	O	K	52
M	B	K	280
F	H	K	135
P	W	K	288
G	G	K	289
W	P	K	288
Y	X	K	437
B	M	K	280
V	T	K	42
K	K	K	484
X	Y	K	437
J	D	K	264
Q	S	K	175
Z	R	K	208
E	L	Y	10
T	X	Y	46
A	U	Y	39
O	W	Y	72
I	G	Y	85
N	C	Y	72
S	V	Y	147
R	R	Y	64
H	H	Y	81
L	E	Y	10
D	M	Y	154
C	N	Y	72
U	A	Y	39
M	D	Y	154
F	J	Y	360
P	Z	Y	416
G	I	Y	85
W	O	Y	72
Y	K	Y	418
B	Q	Y	500
V	S	Y	147
K	Y	Y	418
X	T	Y	46
J	F	Y	360
Q	B	Y	500
Z	P	Y	416
E	K	E	22
T	A	E	6
A	T	E	6
O	S	E	28
I	V	E	105
N	M	E	84
S	O	E	28
R	D	E	88
H	W	E	162
L	Q	E	250
D	R	E	88
C	Y	E	228
U	J	E	312
M	N	E	84
F	Z	E	390
P	B	E	320
G	X	E	391
W	H	E	162
Y	C	E	228
B	P	E	320
V	I	E	105
K	E	E	22
X	G	E	391
J	U	E	312
Q	L	E	250
Z	F	E	390
E	S	L	7
T	G	L	34
A	D	L	33
O	F	L	60
I	Y	L	95
N	X	L	138
S	E	L	7
R	J	L	192
H	P	L	144
L	K	L	220
D	A	L	33
C	B	L	240
U	V	L	273
M	Z	L	364
F	O	L	60
P	H	L	144
G	T	L	34
W	Q	L	450
Y	I	L	95
B	C	L	240
V	U	L	273
K	L	L	220
X	N	L	138
J	R	L	192
Q	W	L	450
Z	M	L	364
E	L	Y	10
T	X	Y	46
A	U	Y	39
O	W	Y	72
I	G	Y	85
N	C	Y	72
S	V	Y	147
R	R	Y	64
H	H	Y	81
L	E	Y	10
D	M	Y	154
C	N	Y	72
U	A	Y	39
M	D	Y	154
F	J	Y	360
P	Z	Y	416
G	I	Y	85
W	O	Y	72
Y	K	Y	418
B	Q	Y	500
V	S	Y	147
K	Y	Y	418
X	T	Y	46
J	F	Y	360
Q	B	Y	500
Z	P	Y	416
E	Q	O	25
T	R	O	16
A	X	O	69
O	K	O	88
I	J	O	120
N	F	O	90
S	Z	O	182
R	T	O	16
H	L	O	90
L	H	O	90
D	U	O	143
C	V	O	252
U	D	O	143
M	G	O	238
F	N	O	90
P	Y	O	304
G	M	O	238
W	B	O	360
Y	P	O	304
B	W	O	360
V	C	O	252
K	O	O	88
X	A	O	69
J	I	O	120
Q	E	O	25
Z	S	O	182
E	T	I	2
T	E	I	2
A	B	I	60
O	D	I	44
I	K	I	110
N	V	I	126
S	C	I	84
R	H	I	72
H	R	I	72
L	X	I	230
D	O	I	44
C	S	I	84
U	Q	I	325
M	W	I	252
F	P	I	240
P	F	I	240
G	Y	I	323
W	M	I	252
Y	G	I	323
B	A	I	60
V	N	I	126
K	I	I	110
X	L	I	230
J	Z	I	624
Q	U	I	325
Z	J	I	624
E	K	E	22
T	A	E	6
A	T	E	6
O	S	E	28
I	V	E	105
N	M	E	84
S	O	E	28
R	D	E	88
H	W	E	162
L	Q	E	250
D	R	E	88
C	Y	E	228
U	J	E	312
M	N	E	84
F	Z	E	390
P	B	E	320
G	X	E	391
W	H	E	162
Y	C	E	228
B	P	E	320
V	I	E	105
K	E	E	22
X	G	E	391
J	U	E	312
Q	L	E	250
Z	F	E	390
E	X	C	23
T	O	C	8
A	Y	C	57
O	T	C	8
I	Q	C	125
N	J	C	144
S	P	C	112
R	B	C	160
H	U	C	117
L	M	C	140
D	Z	C	286
C	K	C	264
U	H	C	117
M	L	C	140
F	W	C	270
P	S	C	112
G	V	C	357
W	F	C	270
Y	A	C	57
B	R	C	160
V	G	C	357
K	C	C	264
X	E	C	23
J	N	C	144
Q	I	C	125
Z	D	C	286
E	W	B	18
T	T	B	4
A	R	B	24
O	P	B	64
I	N	B	30
N	I	B	30
S	Y	B	133
R	A	B	24
H	Q	B	225
L	L	B	100
D	X	B	253
C	Z	B	312
U	G	B	221
M	J	B	336
F	V	B	315
P	O	B	64
G	U	B	221
W	E	B	18
Y	S	B	133
B	K	B	440
V	F	B	315
K	B	B	440
X	D	B	253
J	M	B	336
Q	H	B	225
Z	C	B	312
E	V	A	21
T	P	A	32
A	K	A	66
O	Y	A	76
I	M	A	70
N	H	A	54
S	R	A	56
R	S	A	56
H	N	A	54
L	J	A	240
D	W	A	198
C	X	A	276
U	F	A	195
M	I	A	70
F	U	A	195
P	T	A	32
G	Q	A	425
W	D	A	198
Y	O	A	76
B	Z	A	520
V	E	A	21
K	A	A	66
X	C	A	276
J	L	A	240
Q	G	A	425
Z	B	A	520
E	C	Q	12
T	J	Q	48
A	G	Q	51
O	I	Q	20
I	O	Q	20
N	R	Q	48
S	H	Q	63
R	N	Q	48
H	S	Q	63
L	P	Q	160
D	D	Q	121
C	E	Q	12
U	Z	Q	338
M	Y	Q	266
F	B	Q	300
P	L	Q	160
G	A	Q	51
W	W	Q	324
Y	M	Q	266
B	F	Q	300
V	X	Q	483
K	Q	Q	550
X	V	Q	483
J	T	Q	48
Q	K	Q	550
Z	U	Q	338
E	I	K	5
T	V	K	42
A	N	K	18
O	U	K	52
I	E	K	5
N	A	K	18
S	Q	K	175
R	Z	K	208
H	F	K	135
L	C	K	120
D	J	K	264
C	L	K	120
U	O	K	52
M	B	K	280
F	H	K	135
P	W	K	288
G	G	K	289
W	P	K	288
Y	X	K	437
B	M	K	280
V	T	K	42
K	K	K	484
X	Y	K	437
J	D	K	264
Q	S	K	175
Z	R	K	208
