Ngram1	Ngram2	Stream	Rank
OUTPUT	VILISE	RDUMRI	62209238
SLEADI	UNDELK	RDUMRI	1433036706
SPEEDS	UADALC	RDUMRI	808365492
NOTEBO	BOLAND	RDUMRI	929798244
BSCESS	NTFAUC	RDUMRI	1576617084
VILISE	OUTPUT	RDUMRI	62209238
BRADSH	NCHBUR	RDUMRI	2231600328
UADALA	SPEEDB	RDUMRI	5537423208
UADALC	SPEEDS	RDUMRI	808365492
NCHBUR	BRADSH	RDUMRI	2231600328
BOLAND	NOTEBO	RDUMRI	929798244
STIGMI	USSOCK	RDUMRI	5436213937
CATAWB	MPLETA	RDUMRI	5585919200
SPEEDU	UADALQ	RDUMRI	7263544539
MPLETA	CATAWB	RDUMRI	5585919200
USSOCK	STIGMI	RDUMRI	5436213937
UADALQ	SPEEDU	RDUMRI	7263544539
NTFAUC	BSCESS	RDUMRI	1576617084
UNDELK	SLEADI	RDUMRI	1433036706
SPEEDB	UADALA	RDUMRI	5537423208
LLABOR	NTENDR	DUMRIY	443951841
NIPOTE	LSIVEL	DUMRIY	639130010
LEAKAG	NDERBI	DUMRIY	536039658
ISIVEL	UIPOTE	DUMRIY	1717245488
NDERBI	LEAKAG	DUMRIY	536039658
MIDSHI	MSBURG	DUMRIY	1144752435
MSBURG	MIDSHI	DUMRIY	1144752435
LSIVEL	NIPOTE	DUMRIY	639130010
PLENDE	ATABOL	DUMRIY	1628075205
ATABOL	PLENDE	DUMRIY	1628075205
CHABIL	RAENKE	DUMRIY	3454634208
RTESCU	CLAUSA	DUMRIY	4749809103
ATABEL	PLENTE	DUMRIY	5229735624
AJPUTA	POISEU	DUMRIY	6445056106
RAENKE	CHABIL	DUMRIY	3454634208
UIPOTE	ISIVEL	DUMRIY	1717245488
NTENDR	LLABOR	DUMRIY	443951841
HIMFEL	VSKITE	DUMRIY	7581437936
PLENTE	ATABEL	DUMRIY	5229735624
CLAUSA	RTESCU	DUMRIY	4749809103
VSKITE	HIMFEL	DUMRIY	7581437936
KSANDE	DIEBOL	DUMRIY	9460948060
POISEU	AJPUTA	DUMRIY	6445056106
ATELOL	PLADDE	DUMRIY	10666625200
DIEBOL	KSANDE	DUMRIY	9460948060
PLADDE	ATELOL	DUMRIY	10666625200
SABELL	IENTES	UMRIYW	1546143288
HOBBES	AGNALL	UMRIYW	1404762340
GERTRU	BAKERY	UMRIYW	663748612
NOVELL	YGOTES	UMRIYW	1337323665
BAKERY	GERTRU	UMRIYW	663748612
TECTOM	LAMEWO	UMRIYW	2351770304
HOTTES	AGWELL	UMRIYW	3955423724
TEBELL	LANTES	UMRIYW	1865515730
YGOTES	NOVELL	UMRIYW	1337323665
LANTES	TEBELL	UMRIYW	1865515730
FEUERB	CASTRI	UMRIYW	2686073643
CASTRI	FEUERB	UMRIYW	2686073643
PEWELL	MATTES	UMRIYW	4347748162
DUGDAL	EWHOUS	UMRIYW	4284185067
AGNALL	HOBBES	UMRIYW	1404762340
LAMEWO	TECTOM	UMRIYW	2351770304
TAMELY	LECTEU	UMRIYW	6882193584
EWHOUS	DUGDAL	UMRIYW	4284185067
MATTES	PEWELL	UMRIYW	4347748162
IENTES	SABELL	UMRIYW	1546143288
IKSELL	SMUTES	UMRIYW	10393275832
LECTEU	TAMELY	UMRIYW	6882193584
SMUTES	IKSELL	UMRIYW	10393275832
AGWELL	HOTTES	UMRIYW	3955423724
ERTEBR	AKELIT	MRIYWO	677154956
BURGER	DSHIFT	MRIYWO	943998786
POKESP	IVILLY	MRIYWO	2559931538
DSHIFT	BURGER	MRIYWO	943998786
BFOUND	DIDATU	MRIYWO	3704977090
IVILLY	POKESP	MRIYWO	2559931538
DIDATU	BFOUND	MRIYWO	3704977090
AKELIT	ERTEBR	MRIYWO	677154956
HURLER	TSHEFT	MRIYWO	10165651156
OSTEFF	GUELEN	MRIYWO	9675948147
GUELEN	OSTEFF	MRIYWO	9675948147
TSHEFT	HURLER	MRIYWO	10165651156
DEAVOU	LTURKA	RIYWOY	774086157
FOUNDR	IDATUR	RIYWOY	1616307639
NTESQU	BELLEA	RIYWOY	3819340044
BRUSHW	NHALLO	RIYWOY	3712992569
WKESBU	TILLWA	RIYWOY	3843077004
TILLWA	WKESBU	RIYWOY	3843077004
IDATUR	FOUNDR	RIYWOY	1616307639
NHALLO	BRUSHW	RIYWOY	3712992569
LTURKA	DEAVOU	RIYWOY	774086157
BELLEA	NTESQU	RIYWOY	3819340044
EAVOUR	TURKAM	IYWOYN	774201756
BEFALL	ALEXEY	IYWOYN	2740138970
AUTOGR	BANKIM	IYWOYN	2577449490
RALOGY	HUSKIL	IYWOYN	2475545236
ALLEAB	BESQUE	IYWOYN	1728398760
TATUET	EUNDLI	IYWOYN	3828773160
ERBOLE	TRIKEB	IYWOYN	4163504772
BESQUE	ALLEAB	IYWOYN	1728398760
BANKNO	AUTOCH	IYWOYN	3867448360
CAITLI	SUBRET	IYWOYN	5765491680
AUTOCH	BANKNO	IYWOYN	3867448360
HUSKIL	RALOGY	IYWOYN	2475545236
MUSULM	WALDER	IYWOYN	8006506200
TRIKEB	ERBOLE	IYWOYN	4163504772
EUNDLI	TATUET	IYWOYN	3828773160
SUBRET	CAITLI	IYWOYN	5765491680
BANKIM	AUTOGR	IYWOYN	2577449490
WALDER	MUSULM	IYWOYN	8006506200
ALEXEY	BEFALL	IYWOYN	2740138970
TURKAM	EAVOUR	IYWOYN	774201756
RJORIE	RAKRTI	YWOYNK	1982127650
ICROBE	GHTWEI	YWOYNK	869036896
GHTWEI	ICROBE	YWOYNK	869036896
ECKAGE	LHOUSI	YWOYNK	1827242994
LHOUSI	ECKAGE	YWOYNK	1827242994
AMALIE	UOXETI	YWOYNK	3404669724
PFULNE	ZEDEKI	YWOYNK	4274565120
USEATI	ALQUIE	YWOYNK	5557993562
UOXETI	AMALIE	YWOYNK	3404669724
RAKRTI	RJORIE	YWOYNK	1982127650
USULMA	ALDERN	YWOYNK	7975635387
EBIZON	LIJPHA	YWOYNK	7443096619
ZEDEKI	PFULNE	YWOYNK	4274565120
ALQUIE	USEATI	YWOYNK	5557993562
UOLUMN	AMHARA	YWOYNK	8749282589
LIJPHA	EBIZON	YWOYNK	7443096619
AMHARA	UOLUMN	YWOYNK	8749282589
ALDERN	USULMA	YWOYNK	7975635387
NTAGES	TRUSIV	WOYNKY	64403745
LLUMIN	SHAREC	WOYNKY	273505788
BRUTAL	ITAINE	WOYNKY	446843632
ITUENC	BRABAN	WOYNKY	642594600
CKAGIN	HOUSEC	WOYNKY	1666365546
TRUSIV	NTAGES	WOYNKY	64403745
BULENC	IDEBAN	WOYNKY	921274568
OLUMEN	MHARIC	WOYNKY	2588617152
IKANER	BOUKIR	WOYNKY	3385307133
ITAINE	BRUTAL	WOYNKY	446843632
SHAREC	LLUMIN	WOYNKY	273505788
TRARIE	NTUMEL	WOYNKY	3501058065
IPETAL	BYLINE	WOYNKY	3729408102
BRABAN	ITUENC	WOYNKY	642594600
IDEBAN	BULENC	WOYNKY	921274568
CRETAL	HTLINE	WOYNKY	6501942936
HLGREN	CHIMIC	WOYNKY	7062537149
NTUMEL	TRARIE	WOYNKY	3501058065
MINTIN	OJCIEC	WOYNKY	8660093760
BYLINE	IPETAL	WOYNKY	3729408102
STAGFL	LRUSHE	WOYNKY	8379410229
MHARIC	OLUMEN	WOYNKY	2588617152
HOUSEC	CKAGIN	WOYNKY	1666365546
BOUKIR	IKANER	WOYNKY	3385307133
CHIMIC	HLGREN	WOYNKY	7062537149
HTLINE	CRETAL	WOYNKY	6501942936
LRUSHE	STAGFL	WOYNKY	8379410229
OJCIEC	MINTIN	WOYNKY	8660093760
SULTED	OVERTR	ELYOIE	447109812
SULTAT	OVERBA	ELYOIE	611503395
TEXTBO	ASTRAS	ELYOIE	723466112
NDERTO	MALTES	ELYOIE	584855964
VALVES	IDECTO	ELYOIE	800546136
NSURAT	MEATBA	ELYOIE	2051440144
ADOXES	TAWATO	ELYOIE	2601971295
MALABA	NDEXAT	ELYOIE	2635944241
NDERBO	MALTAS	ELYOIE	4318999744
MALTES	NDERTO	ELYOIE	584855964
MALTOS	NDERDO	ELYOIE	2933558970
SILVES	OYECTO	ELYOIE	4340734762
NDERDO	MALTOS	ELYOIE	2933558970
IDECTO	VALVES	ELYOIE	800546136
BSECTO	PELVES	ELYOIE	7263517212
NDEXAT	MALABA	ELYOIE	2635944241
ASTRAS	TEXTBO	ELYOIE	723466112
OVERBA	SULTAT	ELYOIE	611503395
MEATBA	NSURAT	ELYOIE	2051440144
MELTDO	NSEROS	ELYOIE	8406616330
OYECTO	SILVES	ELYOIE	4340734762
TAWATO	ADOXES	ELYOIE	2601971295
NDERAC	MALTBY	ELYOIE	7215414492
MALTBY	NDERAC	ELYOIE	7215414492
DELVES	RSECTO	ELYOIE	8150673280
RSECTO	DELVES	ELYOIE	8150673280
NSEROS	MELTDO	ELYOIE	8406616330
OVERTR	SULTED	ELYOIE	447109812
MALTAS	NDERBO	ELYOIE	4318999744
PELVES	BSECTO	ELYOIE	7263517212
ARDWOO	DRUMST	LYOIEC	2060747514
ENDOSP	SCUDOS	LYOIEC	5464270920
SCROTA	ENTDAY	LYOIEC	4332097879
ENTDAY	SCROTA	LYOIEC	4332097879
DRUMST	ARDWOO	LYOIEC	2060747514
SCUDOS	ENDOSP	LYOIEC	5464270920
EPEATI	LYTTON	YOIECB	516099760
URBATI	ATATON	YOIECB	899971792
URCATI	ATSTON	YOIECB	2018209944
LYTTON	EPEATI	YOIECB	516099760
LVATOR	ECBATA	YOIECB	5184794895
ERCATI	LTSTON	YOIECB	2705240190
LTSTON	ERCATI	YOIECB	2705240190
ATATON	URBATI	YOIECB	899971792
ATSTON	URCATI	YOIECB	2018209944
UTHSHI	ARROUN	YOIECB	8534870912
ARROUN	UTHSHI	YOIECB	8534870912
ECBATA	LVATOR	YOIECB	5184794895
FECTIV	NTYONE	OIECBA	47601538
TESTIM	RTOONI	OIECBA	242777304
TECTIV	RTYONE	OIECBA	700740201
DSTONE	UCATIV	OIECBA	367561973
OCATIV	KSTONE	OIECBA	572554386
KETONE	OTATIV	OIECBA	1860627696
RBATIM	TATONI	OIECBA	1673851858
KSTONE	OCATIV	OIECBA	572554386
DEATIO	UTTONY	OIECBA	2152100940
UCATIV	DSTONE	OIECBA	367561973
RTOONI	TESTIM	OIECBA	242777304
TATONI	RBATIM	OIECBA	1673851858
UTTONY	DEATIO	OIECBA	2152100940
OTATIV	KETONE	OIECBA	1860627696
NTYONE	FECTIV	OIECBA	47601538
RDETER	TOKOWS	OIECBA	6907302736
TOKOWS	RDETER	OIECBA	6907302736
RTYONE	TECTIV	OIECBA	700740201
NSTANC	VOORHE	IECBAQ	90414702
COUNTY	SSHIPM	IECBAQ	155582910
TRONIC	EDTIME	IECBAQ	139237244
CATIVE	STONEC	IECBAQ	372720308
SCOPIC	CYTOME	IECBAQ	316756920
BATEME	ATOWIC	IECBAQ	2891643168
TATARS	ETORSH	IECBAQ	1100935625
EWTONI	THOPHO	IECBAQ	2852573973
DAUPHI	OTHONO	IECBAQ	3078450600
EDTIME	TRONIC	IECBAQ	139237244
ETRAYI	TABROO	IECBAQ	3677921016
EATINI	TTONHO	IECBAQ	1969286410
ETORSH	TATARS	IECBAQ	1100935625
CYTOME	SCOPIC	IECBAQ	316756920
HTTIME	RAONIC	IECBAQ	3573858210
ADAPTS	BRYOPH	IECBAQ	4095252336
OITERI	DVOWSO	IECBAQ	4333413918
STONEC	CATIVE	IECBAQ	372720308
HAUPTM	RTHOPY	IECBAQ	6128596728
TTONHO	EATINI	IECBAQ	1969286410
CKENHA	SEXING	IECBAQ	7798496205
VATARS	NTORSH	IECBAQ	7911685968
VOORHE	NSTANC	IECBAQ	90414702
SSHIPM	COUNTY	IECBAQ	155582910
RAONIC	HTTIME	IECBAQ	3573858210
DVOWSO	OITERI	IECBAQ	4333413918
BRYOPH	ADAPTS	IECBAQ	4095252336
THOPHO	EWTONI	IECBAQ	2852573973
OTHONO	DAUPHI	IECBAQ	3078450600
ATOWIC	BATEME	IECBAQ	2891643168
NTORSH	VATARS	IECBAQ	7911685968
SEXING	CKENHA	IECBAQ	7798496205
TABROO	ETRAYI	IECBAQ	3677921016
EKTIVE	TEONEC	IECBAQ	12750354834
TEONEC	EKTIVE	IECBAQ	12750354834
RTHOPY	HAUPTM	IECBAQ	6128596728
ATERIA	TOWSON	ECBAQK	33432519
HYSICA	WAYMEN	ECBAQK	46903760
OURAGE	SHAKAI	ECBAQK	138652272
NTIMEN	MONICA	ECBAQK	89181152
ITERIA	VOWSON	ECBAQK	439006482
MONUME	NTIFYI	ECBAQK	54653313
SHIPPI	OUNTLE	ECBAQK	115539592
NTIFYI	MONUME	ECBAQK	54653313
THYROI	AUSSIE	ECBAQK	861372625
ATORIE	TOPSOI	ECBAQK	502217526
ABRICA	TRAMEN	ECBAQK	1287423023
RTERIA	DOWSON	ECBAQK	776608268
TOTYPE	ATTOLI	ECBAQK	1346746176
OUNTLE	SHIPPI	ECBAQK	115539592
MONICA	NTIMEN	ECBAQK	89181152
TRIVAN	ABNEGA	ECBAQK	1437354540
AUSSIA	THYRON	ECBAQK	2029726164
SHIPBU	OUNTFO	ECBAQK	2620961161
WHIPPI	HUNTLE	ECBAQK	1719531690
RTARIA	DORSON	ECBAQK	3864961428
OOPHOL	STONIC	ECBAQK	3838752203
NTONIA	MOPHON	ECBAQK	1672603803
STANCI	OORHEE	ECBAQK	3233388781
TURION	AHAMIA	ECBAQK	3459663984
MOPHON	NTONIA	ECBAQK	1672603803
TOPSOI	ATORIE	ECBAQK	502217526
WAYMEN	HYSICA	ECBAQK	46903760
RTARIC	DORSOL	ECBAQK	4124091300
HUNTLE	WHIPPI	ECBAQK	1719531690
ABNEGA	TRIVAN	ECBAQK	1437354540
EURIZA	KHAMUN	ECBAQK	6683403040
DOWSON	RTERIA	ECBAQK	776608268
AUSSIG	THYROG	ECBAQK	5210343086
BURSIN	PHAROA	ECBAQK	6201301824
KYAMUN	EARIZA	ECBAQK	4725161176
UBROGA	JRAYAN	ECBAQK	6537587316
DORSOL	RTARIC	ECBAQK	4124091300
EARIZA	KYAMUN	ECBAQK	4725161176
DONICA	RTIMEN	ECBAQK	6771718341
ATOXIN	TOPCOA	ECBAQK	7404560448
OORHEE	STANCI	ECBAQK	3233388781
THYROG	AUSSIG	ECBAQK	5210343086
AHAMIA	TURION	ECBAQK	3459663984
THYRON	AUSSIA	ECBAQK	2029726164
VOWSON	ITERIA	ECBAQK	439006482
RTIMEN	DONICA	ECBAQK	6771718341
AUSSIE	THYROI	ECBAQK	861372625
JRAYAN	UBROGA	ECBAQK	6537587316
PHAROA	BURSIN	ECBAQK	6201301824
TOWSON	ATERIA	ECBAQK	33432519
ATTOLI	TOTYPE	ECBAQK	1346746176
SOTYPE	OTTOLI	ECBAQK	11170071136
TOPCOA	ATOXIN	ECBAQK	7404560448
SHAKAI	OURAGE	ECBAQK	138652272
VLOVNA	IMPERN	ECBAQK	11134480071
TRAMEN	ABRICA	ECBAQK	1287423023
STONIC	OOPHOL	ECBAQK	3838752203
IMPERN	VLOVNA	ECBAQK	11134480071
OUNTFO	SHIPBU	ECBAQK	2620961161
KHAMUN	EURIZA	ECBAQK	6683403040
OTTOLI	SOTYPE	ECBAQK	11170071136
DORSON	RTARIA	ECBAQK	3864961428
