Length	Key	Key Segment	Word	Keystream
3	ABOUT	BOU	ASH	IEC
3	ABOUT	BOU	ASH	IEC
3	ABROAD	BRO	ARM	IYW
3	ABROAD	BRO	ARM	IYW
3	ABSENCE	ENC	ABS	MRI
3	ABSENCE	ENC	ABS	MRI
3	ABSENCE	ENC	BAN	NKY
3	ABSENCE	ENC	BAN	NKY
3	ABSOLUTE	UTE	ART	YOI
3	ABSOLUTE	UTE	ART	YOI
3	ABSOLUTELY	UTE	ART	YOI
3	ABSOLUTELY	UTE	ART	YOI
3	ABSTRACTS	TSA	APR	ECB
3	ACCEPTED	PTE	ALA	DUM
3	ACCEPTED	PTE	ALA	DUM
3	ACCEPTS	TSA	APR	ECB
3	ACCIDENTS	TSA	APR	ECB
3	ACCOMPANYING	NYI	BBS	RDU
3	ACCOMPANYING	NYI	BBS	RDU
3	ACCOUNTS	TSA	APR	ECB
3	ACCURACY	CUR	BAT	LYO
3	ACCURACY	CUR	BAT	LYO
3	ACCURATE	CUR	BAT	LYO
3	ACCURATE	CUR	BAT	LYO
3	ACCURATELY	CUR	BAT	LYO
3	ACCURATELY	CUR	BAT	LYO
3	ACDBENTITY	BEN	ALT	IYW
3	ACDBENTITY	BEN	ALT	IYW
3	ACHIEVEMENT	EME	ACT	MRI
3	ACHIEVEMENT	EME	ACT	MRI
3	ACHIEVEMENTS	EME	ACT	MRI
3	ACHIEVEMENTS	EME	ACT	MRI
3	ACHIEVEMENTS	TSA	APR	ECB
3	ACQUIRE	REA	AVG	BAQ
3	ACRE	REA	AVG	BAQ
3	ACROBAT	ATA	BAY	IEC
3	ACTIVISTS	TSA	APR	ECB
3	ACTOR	TOR	ATA	ECB
3	ACTOR	TOR	ATA	ECB
3	ACTORS	RSA	ARG	BAQ
3	ACTORS	TOR	ATA	ECB
3	ACTORS	TOR	ATA	ECB
3	ACTS	TSA	APR	ECB
3	ACUTE	UTE	ART	YOI
3	ACUTE	UTE	ART	YOI
3	ACUTE	CUT	BAR	LYO
3	ACUTE	CUT	BAR	LYO
3	ADAM	DAM	AUG	LYO
3	ADAM	DAM	AUG	LYO
3	ADAMS	DAM	AUG	LYO
3	ADAMS	DAM	AUG	LYO
3	ADAPTED	PTE	ALA	DUM
3	ADAPTED	PTE	ALA	DUM
3	ADAPTER	PTE	ALA	DUM
3	ADAPTER	PTE	ALA	DUM
3	ADAPTERS	PTE	ALA	DUM
3	ADAPTERS	PTE	ALA	DUM
3	ADAPTERS	RSA	ARG	BAQ
3	ADAPTOR	TOR	ATA	ECB
3	ADAPTOR	TOR	ATA	ECB
3	ADJUSTMENTS	TSA	APR	ECB
3	ADMINISTRATOR	TOR	ATA	ECB
3	ADMINISTRATOR	TOR	ATA	ECB
3	ADMINISTRATOR	ATO	BAT	IEC
3	ADMINISTRATOR	ATO	BAT	IEC
3	ADMINISTRATORS	RSA	ARG	BAQ
3	ADMINISTRATORS	TOR	ATA	ECB
3	ADMINISTRATORS	TOR	ATA	ECB
3	ADMINISTRATORS	ATO	BAT	IEC
3	ADMINISTRATORS	ATO	BAT	IEC
3	ADOLESCENT	ESC	AUS	MRI
3	ADOLESCENT	ESC	AUS	MRI
3	ADOPTED	PTE	ALA	DUM
3	ADOPTED	PTE	ALA	DUM
3	ADULTS	TSA	APR	ECB
3	ADVANCEMENT	EME	ACT	MRI
3	ADVANCEMENT	EME	ACT	MRI
3	ADVENTURE	REA	AVG	BAQ
3	ADVERSE	RSE	ARC	BAQ
3	ADVERSE	RSE	ARC	BAQ
3	ADVERTISEMENT	EME	ACT	MRI
3	ADVERTISEMENT	EME	ACT	MRI
3	ADVERTISEMENTS	EME	ACT	MRI
3	ADVERTISEMENTS	EME	ACT	MRI
3	ADVERTISEMENTS	TSA	APR	ECB
3	ADVERTISERS	RSA	ARG	BAQ
3	ADVISORS	RSA	ARG	BAQ
3	ADVOCACY	DVO	ASK	LYO
3	ADVOCACY	DVO	ASK	LYO
4	ADVOCACY	DVOC	ASKS	LYOI
4	ADVOCACY	DVOC	ASKS	LYOI
3	ADVOCATE	DVO	ASK	LYO
3	ADVOCATE	DVO	ASK	LYO
4	ADVOCATE	DVOC	ASKS	LYOI
4	ADVOCATE	DVOC	ASKS	LYOI
3	ADWARE	REA	AVG	BAQ
3	AFFAIRS	RSA	ARG	BAQ
3	AFFECTS	TSA	APR	ECB
3	AGENCIES	ENC	ABS	MRI
3	AGENCIES	ENC	ABS	MRI
3	AGENCIES	ENC	BAN	NKY
3	AGENCIES	ENC	BAN	NKY
3	AGENCY	ENC	ABS	MRI
3	AGENCY	ENC	ABS	MRI
3	AGENCY	ENC	BAN	NKY
3	AGENCY	ENC	BAN	NKY
4	AGENT	GENT	BABE	UMRI
4	AGENT	GENT	BABE	UMRI
3	AGENTS	TSA	APR	ECB
4	AGENTS	GENT	BABE	UMRI
4	AGENTS	GENT	BABE	UMRI
3	AGGREGATE	AGG	BID	IYW
3	AGGREGATE	AGG	BID	IYW
3	AGGRESSIVE	AGG	BID	IYW
3	AGGRESSIVE	AGG	BID	IYW
3	AGREEMENT	EME	ACT	MRI
3	AGREEMENT	EME	ACT	MRI
3	AGREEMENT	EEM	BID	NKY
3	AGREEMENT	EEM	BID	NKY
3	AGREEMENTS	EME	ACT	MRI
3	AGREEMENTS	EME	ACT	MRI
3	AGREEMENTS	TSA	APR	ECB
3	AGREEMENTS	EEM	BID	NKY
3	AGREEMENTS	EEM	BID	NKY
3	AGRICULTURE	REA	AVG	BAQ
3	AIRFARE	RFA	AUG	BAQ
3	AIRFARE	RFA	AUG	BAQ
3	AIRFARE	REA	AVG	BAQ
3	AIRPLANE	PLA	ATE	DUM
3	AIRPLANE	PLA	ATE	DUM
3	AIRPORT	RPO	ATI	BAQ
3	AIRPORT	RPO	ATI	BAQ
3	AIRPORTS	TSA	APR	ECB
3	AIRPORTS	RPO	ATI	BAQ
3	AIRPORTS	RPO	ATI	BAQ
3	ALBUQUERQUE	QUE	AID	RDU
3	ALBUQUERQUE	QUE	AID	RDU
3	ALBUQUERQUE	QUE	AID	RDU
3	ALBUQUERQUE	QUE	AID	RDU
3	ALERTS	TSA	APR	ECB
3	ALEXANDER	DER	ALT	LYO
3	ALEXANDER	DER	ALT	LYO
3	ALFRED	ALF	BEE	IYW
3	ALFRED	ALF	BEE	IYW
3	ALGEBRA	GEB	BAN	UMR
3	ALGEBRA	GEB	BAN	UMR
3	ALGEBRA	ALG	BED	IYW
3	ALGEBRA	ALG	BED	IYW
3	ALGERIA	ALG	BED	IYW
3	ALGERIA	ALG	BED	IYW
3	ALGORITHM	ALG	BED	IYW
3	ALGORITHM	ALG	BED	IYW
3	ALGORITHMS	ALG	BED	IYW
3	ALGORITHMS	ALG	BED	IYW
3	ALLOWING	GAL	BED	UMR
3	ALONG	GAL	BED	UMR
3	ALREADY	REA	AVG	BAQ
3	ALREADY	REA	AVG	BAQ
3	ALT	ALT	BEN	IYW
3	ALT	ALT	BEN	IYW
3	ALTER	ALT	BEN	IYW
3	ALTER	ALT	BEN	IYW
3	ALTERED	ALT	BEN	IYW
3	ALTERED	ALT	BEN	IYW
3	ALTERNATE	ALT	BEN	IYW
3	ALTERNATE	ALT	BEN	IYW
3	ALTERNATIVE	ALT	BEN	IYW
3	ALTERNATIVE	ALT	BEN	IYW
3	ALTERNATIVELY	ALT	BEN	IYW
3	ALTERNATIVELY	ALT	BEN	IYW
3	ALTERNATIVES	ALT	BEN	IYW
3	ALTERNATIVES	ALT	BEN	IYW
3	ALTHOUGH	ALT	BEN	IYW
3	ALTHOUGH	ALT	BEN	IYW
3	ALTO	ALT	BEN	IYW
3	ALTO	ALT	BEN	IYW
3	ALUMINIUM	UMI	ARE	YNK
3	ALUMINIUM	UMI	ARE	YNK
3	ALUMINUM	UMI	ARE	YNK
3	ALUMINUM	UMI	ARE	YNK
3	ALWAYS	WAY	BBC	OIE
3	ALWAYS	WAY	BBC	OIE
3	AMATEUR	EUR	ASH	MRI
3	AMATEUR	EUR	ASH	MRI
3	AMAZONCOUK	UKA	ANN	YNK
3	AMBIENT	TAM	ADD	ELY
3	AMD	DAM	AUG	LYO
3	AMEND	DAM	AUG	LYO
3	AMENDED	DAM	AUG	LYO
3	AMENDMENT	TAM	ADD	ELY
3	AMENDMENTS	TSA	APR	ECB
3	AMENITIES	ENI	BAG	NKY
3	AMENITIES	ENI	BAG	NKY
3	AMONGST	TAM	ADD	ELY
3	AMOUNT	TAM	ADD	ELY
3	AMOUNTS	TSA	APR	ECB
3	AMPLAND	PLA	ATE	DUM
3	AMPLAND	PLA	ATE	DUM
3	AMPLAND	DAM	AUG	LYO
3	AMSTERDAM	DAM	AUG	LYO
3	AMSTERDAM	DAM	AUG	LYO
3	AN	NAN	BBC	RIY
3	ANAHEIM	EIM	BED	NKY
3	ANAHEIM	EIM	BED	NKY
3	ANALYSTS	TSA	APR	ECB
3	ANALYTICAL	YTI	ATM	CBA
3	ANALYTICAL	YTI	ATM	CBA
3	ANATOMY	ATO	BAT	IEC
3	ANATOMY	ATO	BAT	IEC
3	ANDERSON	DER	ALT	LYO
3	ANDERSON	DER	ALT	LYO
3	ANDERSON	NAN	BBC	RIY
3	ANDREA	REA	AVG	BAQ
3	ANDREA	REA	AVG	BAQ
3	ANDREAS	REA	AVG	BAQ
3	ANDREAS	REA	AVG	BAQ
3	ANGEL	GEL	BAD	UMR
3	ANGEL	GEL	BAD	UMR
3	ANGELA	GEL	BAD	UMR
3	ANGELA	GEL	BAD	UMR
3	ANGELES	GEL	BAD	UMR
3	ANGELES	GEL	BAD	UMR
3	ANGELS	GEL	BAD	UMR
3	ANGELS	GEL	BAD	UMR
3	ANIMATION	NAN	BBC	RIY
3	ANN	NAN	BBC	RIY
3	ANNIVERSARY	RSA	ARG	BAQ
3	ANNIVERSARY	RSA	ARG	BAQ
3	ANNOTATION	NAN	BBC	RIY
3	ANNOUNCEMENT	EME	ACT	MRI
3	ANNOUNCEMENT	EME	ACT	MRI
3	ANNOUNCEMENTS	EME	ACT	MRI
3	ANNOUNCEMENTS	EME	ACT	MRI
3	ANNOUNCEMENTS	TSA	APR	ECB
3	ANSWERS	RSA	ARG	BAQ
4	ANTENNA	NTEN	BELT	RIYW
4	ANTENNA	NTEN	BELT	RIYW
3	ANTHROPOLOGY	THR	APR	ELY
3	ANTHROPOLOGY	THR	APR	ELY
3	ANTIQUE	QUE	AID	RDU
3	ANTIQUE	QUE	AID	RDU
3	ANTIQUES	QUE	AID	RDU
3	ANTIQUES	QUE	AID	RDU
3	ANTONIO	TON	ATI	ECB
3	ANTONIO	TON	ATI	ECB
3	ANYMORE	REA	AVG	BAQ
3	ANYTIME	YTI	ATM	CBA
3	ANYTIME	YTI	ATM	CBA
3	ANYWAY	WAY	BBC	OIE
3	ANYWAY	WAY	BBC	OIE
3	ANYWHERE	REA	AVG	BAQ
3	APARTMENTS	TSA	APR	ECB
3	APP	APP	BBS	IEC
3	APP	APP	BBS	IEC
3	APPARATUS	APP	BBS	IEC
3	APPARATUS	APP	BBS	IEC
3	APPAREL	APP	BBS	IEC
3	APPAREL	APP	BBS	IEC
3	APPARENT	APP	BBS	IEC
3	APPARENT	APP	BBS	IEC
3	APPARENTLY	YAP	ART	CBA
3	APPARENTLY	APP	BBS	IEC
3	APPARENTLY	APP	BBS	IEC
3	APPARENTLY	NTL	BEE	RIY
3	APPARENTLY	NTL	BEE	RIY
3	APPEAL	APP	BBS	IEC
3	APPEAL	APP	BBS	IEC
3	APPEALS	APP	BBS	IEC
3	APPEALS	APP	BBS	IEC
3	APPEAR	APP	BBS	IEC
3	APPEAR	APP	BBS	IEC
3	APPEARANCE	APP	BBS	IEC
3	APPEARANCE	APP	BBS	IEC
3	APPEARED	APP	BBS	IEC
3	APPEARED	APP	BBS	IEC
3	APPEARING	APP	BBS	IEC
3	APPEARING	APP	BBS	IEC
3	APPEARS	RSA	ARG	BAQ
3	APPEARS	APP	BBS	IEC
3	APPEARS	APP	BBS	IEC
3	APPENDIX	APP	BBS	IEC
3	APPENDIX	APP	BBS	IEC
3	APPLE	PLE	ATA	DUM
3	APPLE	PLE	ATA	DUM
3	APPLE	APP	BBS	IEC
3	APPLE	APP	BBS	IEC
3	APPLIANCE	APP	BBS	IEC
3	APPLIANCE	APP	BBS	IEC
3	APPLIANCES	APP	BBS	IEC
3	APPLIANCES	APP	BBS	IEC
3	APPLICABLE	APP	BBS	IEC
3	APPLICABLE	APP	BBS	IEC
3	APPLICANT	APP	BBS	IEC
3	APPLICANT	APP	BBS	IEC
3	APPLICANTS	TSA	APR	ECB
3	APPLICANTS	APP	BBS	IEC
3	APPLICANTS	APP	BBS	IEC
3	APPLICATION	APP	BBS	IEC
3	APPLICATION	APP	BBS	IEC
3	APPLICATIONS	APP	BBS	IEC
3	APPLICATIONS	APP	BBS	IEC
3	APPLIED	APP	BBS	IEC
3	APPLIED	APP	BBS	IEC
3	APPLIES	APP	BBS	IEC
3	APPLIES	APP	BBS	IEC
3	APPLY	YAP	ART	CBA
3	APPLY	APP	BBS	IEC
3	APPLY	APP	BBS	IEC
3	APPLYING	APP	BBS	IEC
3	APPLYING	APP	BBS	IEC
3	APPOINTED	APP	BBS	IEC
3	APPOINTED	APP	BBS	IEC
3	APPOINTMENT	APP	BBS	IEC
3	APPOINTMENT	APP	BBS	IEC
3	APPOINTMENT	NTM	BED	RIY
3	APPOINTMENT	NTM	BED	RIY
3	APPOINTMENTS	TSA	APR	ECB
3	APPOINTMENTS	APP	BBS	IEC
3	APPOINTMENTS	APP	BBS	IEC
3	APPOINTMENTS	NTM	BED	RIY
3	APPOINTMENTS	NTM	BED	RIY
3	APPRAISAL	APP	BBS	IEC
3	APPRAISAL	APP	BBS	IEC
3	APPRECIATE	REC	AVE	BAQ
3	APPRECIATE	REC	AVE	BAQ
3	APPRECIATE	APP	BBS	IEC
3	APPRECIATE	APP	BBS	IEC
3	APPRECIATE	PRE	BBW	ECB
3	APPRECIATE	PRE	BBW	ECB
3	APPRECIATED	REC	AVE	BAQ
3	APPRECIATED	REC	AVE	BAQ
3	APPRECIATED	APP	BBS	IEC
3	APPRECIATED	APP	BBS	IEC
3	APPRECIATED	PRE	BBW	ECB
3	APPRECIATED	PRE	BBW	ECB
3	APPRECIATION	REC	AVE	BAQ
3	APPRECIATION	REC	AVE	BAQ
3	APPRECIATION	APP	BBS	IEC
3	APPRECIATION	APP	BBS	IEC
3	APPRECIATION	PRE	BBW	ECB
3	APPRECIATION	PRE	BBW	ECB
3	APPROACH	APP	BBS	IEC
3	APPROACH	APP	BBS	IEC
3	APPROACHES	APP	BBS	IEC
3	APPROACHES	APP	BBS	IEC
3	APPROPRIATE	APP	BBS	IEC
3	APPROPRIATE	APP	BBS	IEC
3	APPROPRIATIONS	APP	BBS	IEC
3	APPROPRIATIONS	APP	BBS	IEC
3	APPROVAL	APP	BBS	IEC
3	APPROVAL	APP	BBS	IEC
3	APPROVE	APP	BBS	IEC
3	APPROVE	APP	BBS	IEC
3	APPROVED	APP	BBS	IEC
3	APPROVED	APP	BBS	IEC
3	APPROX	APP	BBS	IEC
3	APPROX	APP	BBS	IEC
3	APPROXIMATE	APP	BBS	IEC
3	APPROXIMATE	APP	BBS	IEC
3	APPROXIMATELY	YAP	ART	CBA
3	APPROXIMATELY	APP	BBS	IEC
3	APPROXIMATELY	APP	BBS	IEC
3	APPS	APP	BBS	IEC
3	APPS	APP	BBS	IEC
3	APRIL	RIL	AMP	BAQ
3	APRIL	RIL	AMP	BAQ
4	APT	PTAP	ALEX	DUMR
3	ARCHITECT	TEC	ASN	ELY
3	ARCHITECT	TEC	ASN	ELY
3	ARCHITECTS	TSA	APR	ECB
3	ARCHITECTS	TEC	ASN	ELY
3	ARCHITECTS	TEC	ASN	ELY
3	ARCHITECTURAL	TEC	ASN	ELY
3	ARCHITECTURAL	TEC	ASN	ELY
3	ARCHITECTURE	TEC	ASN	ELY
3	ARCHITECTURE	TEC	ASN	ELY
3	ARCHITECTURE	REA	AVG	BAQ
3	ARE	REA	AVG	BAQ
3	AREA	REA	AVG	BAQ
3	AREA	REA	AVG	BAQ
3	AREAS	REA	AVG	BAQ
3	AREAS	REA	AVG	BAQ
4	ARGENTINA	GENT	BABE	UMRI
4	ARGENTINA	GENT	BABE	UMRI
3	ARGUMENTS	TSA	APR	ECB
3	ARLINGTON	TON	ATI	ECB
3	ARLINGTON	TON	ATI	ECB
3	ARMENIA	ENI	BAG	NKY
3	ARMENIA	ENI	BAG	NKY
3	ARMY	RMY	AIM	BAQ
3	ARMY	RMY	AIM	BAQ
3	ARRANGEMENT	EME	ACT	MRI
3	ARRANGEMENT	EME	ACT	MRI
3	ARRANGEMENTS	EME	ACT	MRI
3	ARRANGEMENTS	EME	ACT	MRI
3	ARRANGEMENTS	TSA	APR	ECB
3	ARROW	RRO	BAY	CBA
3	ARROW	RRO	BAY	CBA
3	ARTHRITIS	THR	APR	ELY
3	ARTHRITIS	THR	APR	ELY
3	ARTHUR	THU	AUG	ECB
3	ARTHUR	THU	AUG	ECB
3	ARTISTS	TSA	APR	ECB
3	ARTS	TSA	APR	ECB
3	ASBESTOS	BES	ALL	IYW
3	ASBESTOS	BES	ALL	IYW
3	ASPECTS	TSA	APR	ECB
3	ASSESSMENTS	TSA	APR	ECB
3	ASSETS	TSA	APR	ECB
3	ASSIGNMENTS	TSA	APR	ECB
3	ASSISTS	TSA	APR	ECB
3	ASSUMING	UMI	ARE	YNK
3	ASSUMING	UMI	ARE	YNK
3	ASSURE	REA	AVG	BAQ
3	AT	ATA	BAY	IEC
3	ATA	ATA	BAY	IEC
3	ATA	ATA	BAY	IEC
3	ATHENS	ENS	ABC	MRI
3	ATHENS	ENS	ABC	MRI
3	ATMOSPHERE	PHE	AAA	DUM
3	ATMOSPHERE	PHE	AAA	DUM
3	ATMOSPHERE	REA	AVG	BAQ
3	ATMOSPHERIC	PHE	AAA	DUM
3	ATMOSPHERIC	PHE	AAA	DUM
3	ATOM	ATO	BAT	IEC
3	ATOM	ATO	BAT	IEC
3	ATOMIC	ATO	BAT	IEC
3	ATOMIC	ATO	BAT	IEC
3	ATTACHMENTS	TSA	APR	ECB
3	ATTEMPTED	PTE	ALA	DUM
3	ATTEMPTED	PTE	ALA	DUM
3	ATTEMPTS	TSA	APR	ECB
5	ATTENDANCE	ENDAN	ABOUT	MRIYW
5	ATTENDANCE	ENDAN	ABOUT	MRIYW
4	ATTITUDES	UDES	AUTO	YOIE
4	ATTITUDES	UDES	AUTO	YOIE
3	ATTORNEY	TOR	ATA	ECB
3	ATTORNEY	TOR	ATA	ECB
3	ATTORNEYS	TOR	ATA	ECB
3	ATTORNEYS	TOR	ATA	ECB
3	ATTRIBUTE	UTE	ART	YOI
3	ATTRIBUTE	UTE	ART	YOI
3	ATTRIBUTES	UTE	ART	YOI
3	ATTRIBUTES	UTE	ART	YOI
3	AUBURN	UBU	AID	YWO
3	AUBURN	UBU	AID	YWO
3	AUCKLAND	DAU	AUD	LYO
3	AUCKLAND	UCK	AVI	YOI
3	AUCKLAND	UCK	AVI	YOI
3	AUCTION	UCT	AVE	YOI
3	AUCTION	UCT	AVE	YOI
3	AUCTIONS	UCT	AVE	YOI
3	AUCTIONS	UCT	AVE	YOI
3	AUD	DAU	AUD	LYO
3	AUD	AUD	BAG	IYW
3	AUD	AUD	BAG	IYW
3	AUDI	UDI	ACE	YNK
3	AUDI	UDI	ACE	YNK
3	AUDI	AUD	BAG	IYW
3	AUDI	AUD	BAG	IYW
3	AUDIENCE	ENC	ABS	MRI
3	AUDIENCE	ENC	ABS	MRI
3	AUDIENCE	UDI	ACE	YNK
3	AUDIENCE	UDI	ACE	YNK
3	AUDIENCE	AUD	BAG	IYW
3	AUDIENCE	AUD	BAG	IYW
3	AUDIENCE	ENC	BAN	NKY
3	AUDIENCE	ENC	BAN	NKY
3	AUDIO	UDI	ACE	YNK
3	AUDIO	UDI	ACE	YNK
3	AUDIO	AUD	BAG	IYW
3	AUDIO	AUD	BAG	IYW
3	AUDIT	UDI	ACE	YNK
3	AUDIT	UDI	ACE	YNK
3	AUDIT	TAU	ADA	ELY
3	AUDIT	AUD	BAG	IYW
3	AUDIT	AUD	BAG	IYW
3	AUDITOR	UDI	ACE	YNK
3	AUDITOR	UDI	ACE	YNK
3	AUDITOR	TOR	ATA	ECB
3	AUDITOR	TOR	ATA	ECB
3	AUDITOR	AUD	BAG	IYW
3	AUDITOR	AUD	BAG	IYW
3	AUG	UGA	ASN	YNK
3	AUG	AUG	BAD	IYW
3	AUG	AUG	BAD	IYW
3	AUGUST	TAU	ADA	ELY
4	AUGUST	TAUG	ADAM	ELYO
3	AUGUST	UGU	ADD	YWO
3	AUGUST	UGU	ADD	YWO
3	AUGUST	AUG	BAD	IYW
3	AUGUST	AUG	BAD	IYW
3	AUTHENTIC	AUT	BAN	IYW
3	AUTHENTIC	AUT	BAN	IYW
3	AUTHENTICATION	AUT	BAN	IYW
3	AUTHENTICATION	AUT	BAN	IYW
3	AUTHOR	AUT	BAN	IYW
3	AUTHOR	AUT	BAN	IYW
3	AUTHORITIES	AUT	BAN	IYW
3	AUTHORITIES	AUT	BAN	IYW
3	AUTHORITY	AUT	BAN	IYW
3	AUTHORITY	AUT	BAN	IYW
3	AUTHORIZATION	AUT	BAN	IYW
3	AUTHORIZATION	AUT	BAN	IYW
3	AUTHORIZED	DAU	AUD	LYO
3	AUTHORIZED	AUT	BAN	IYW
3	AUTHORIZED	AUT	BAN	IYW
3	AUTHORS	RSA	ARG	BAQ
3	AUTHORS	AUT	BAN	IYW
3	AUTHORS	AUT	BAN	IYW
3	AUTO	AUT	BAN	IYW
3	AUTO	AUT	BAN	IYW
4	AUTO	AUTO	BANK	IYWO
4	AUTO	AUTO	BANK	IYWO
3	AUTOMATED	DAU	AUD	LYO
3	AUTOMATED	AUT	BAN	IYW
3	AUTOMATED	AUT	BAN	IYW
4	AUTOMATED	AUTO	BANK	IYWO
4	AUTOMATED	AUTO	BANK	IYWO
3	AUTOMATIC	AUT	BAN	IYW
3	AUTOMATIC	AUT	BAN	IYW
4	AUTOMATIC	AUTO	BANK	IYWO
4	AUTOMATIC	AUTO	BANK	IYWO
3	AUTOMATICALLY	AUT	BAN	IYW
3	AUTOMATICALLY	AUT	BAN	IYW
4	AUTOMATICALLY	AUTO	BANK	IYWO
4	AUTOMATICALLY	AUTO	BANK	IYWO
3	AUTOMATION	AUT	BAN	IYW
3	AUTOMATION	AUT	BAN	IYW
4	AUTOMATION	AUTO	BANK	IYWO
4	AUTOMATION	AUTO	BANK	IYWO
3	AUTOMOBILE	AUT	BAN	IYW
3	AUTOMOBILE	AUT	BAN	IYW
4	AUTOMOBILE	AUTO	BANK	IYWO
4	AUTOMOBILE	AUTO	BANK	IYWO
3	AUTOMOBILES	AUT	BAN	IYW
3	AUTOMOBILES	AUT	BAN	IYW
4	AUTOMOBILES	AUTO	BANK	IYWO
4	AUTOMOBILES	AUTO	BANK	IYWO
3	AUTOMOTIVE	AUT	BAN	IYW
3	AUTOMOTIVE	AUT	BAN	IYW
4	AUTOMOTIVE	AUTO	BANK	IYWO
4	AUTOMOTIVE	AUTO	BANK	IYWO
3	AUTOS	AUT	BAN	IYW
3	AUTOS	AUT	BAN	IYW
4	AUTOS	AUTO	BANK	IYWO
4	AUTOS	AUTO	BANK	IYWO
3	AUTUMN	UTU	AND	YWO
3	AUTUMN	UTU	AND	YWO
3	AUTUMN	AUT	BAN	IYW
3	AUTUMN	AUT	BAN	IYW
4	AUTUMN	AUTU	BAND	IYWO
4	AUTUMN	AUTU	BAND	IYWO
3	AVAILABILITY	YAV	ARE	CBA
3	AVATAR	ATA	BAY	IEC
3	AVATAR	ATA	BAY	IEC
3	AVENUE	NUE	BID	RDU
3	AVENUE	NUE	BID	RDU
3	AVERAGE	RAG	AKA	BAQ
3	AVERAGE	RAG	AKA	BAQ
3	AVIATION	NAV	BBS	RIY
3	AVOID	AVO	BIT	IEC
3	AVOID	AVO	BIT	IEC
3	AVOIDING	AVO	BIT	IEC
3	AVOIDING	AVO	BIT	IEC
3	AVON	NAV	BBS	RIY
3	AVON	AVO	BIT	IEC
3	AVON	AVO	BIT	IEC
3	AWARE	REA	AVG	BAQ
3	AWAY	WAY	BBC	OIE
3	AWAY	WAY	BBC	OIE
3	AWESOME	ESO	AUD	MRI
3	AWESOME	ESO	AUD	MRI
3	AZERBAIJAN	ERB	AKA	MRI
3	AZERBAIJAN	ERB	AKA	MRI
3	BABE	BEB	ALI	IYW
3	BABES	BES	ALL	IYW
3	BABES	BES	ALL	IYW
3	BACHELOR	ELO	ADD	MRI
3	BACHELOR	ELO	ADD	MRI
3	BACKED	EDB	ALA	MRI
3	BACKUP	PBA	AGE	DUM
3	BAD	BAD	AUG	IYW
3	BAD	BAD	AUG	IYW
3	BADGE	BAD	AUG	IYW
3	BADGE	BAD	AUG	IYW
3	BADGE	GEB	BAN	UMR
3	BADLY	BAD	AUG	IYW
3	BADLY	BAD	AUG	IYW
3	BAG	BAG	AUD	IYW
3	BAG	BAG	AUD	IYW
3	BAGHDAD	BAG	AUD	IYW
3	BAGHDAD	BAG	AUD	IYW
3	BAGS	BAG	AUD	IYW
3	BAGS	BAG	AUD	IYW
3	BAKER	ERB	AKA	MRI
3	BALANCE	BAL	ATM	IEC
3	BALANCE	BAL	ATM	IEC
3	BALANCE	BAL	AUS	IYW
3	BALANCE	BAL	AUS	IYW
3	BALANCED	EDB	ALA	MRI
3	BALANCED	BAL	ATM	IEC
3	BALANCED	BAL	ATM	IEC
3	BALANCED	BAL	AUS	IYW
3	BALANCED	BAL	AUS	IYW
3	BALD	BAL	ATM	IEC
3	BALD	BAL	ATM	IEC
3	BALD	BAL	AUS	IYW
3	BALD	BAL	AUS	IYW
3	BALI	BAL	ATM	IEC
3	BALI	BAL	ATM	IEC
3	BALI	BAL	AUS	IYW
3	BALI	BAL	AUS	IYW
3	BALL	BAL	ATM	IEC
3	BALL	BAL	ATM	IEC
3	BALL	BAL	AUS	IYW
3	BALL	BAL	AUS	IYW
3	BALLET	BAL	ATM	IEC
3	BALLET	BAL	ATM	IEC
3	BALLET	BAL	AUS	IYW
3	BALLET	BAL	AUS	IYW
3	BALLOON	BAL	ATM	IEC
3	BALLOON	BAL	ATM	IEC
3	BALLOON	BAL	AUS	IYW
3	BALLOON	BAL	AUS	IYW
3	BALLOT	BAL	ATM	IEC
3	BALLOT	BAL	ATM	IEC
3	BALLOT	BAL	AUS	IYW
3	BALLOT	BAL	AUS	IYW
3	BALLS	BAL	ATM	IEC
3	BALLS	BAL	ATM	IEC
3	BALLS	BAL	AUS	IYW
3	BALLS	BAL	AUS	IYW
3	BALTIMORE	BAL	ATM	IEC
3	BALTIMORE	BAL	ATM	IEC
3	BALTIMORE	BAL	AUS	IYW
3	BALTIMORE	BAL	AUS	IYW
3	BALTIMORE	ALT	BEN	IYW
3	BALTIMORE	ALT	BEN	IYW
3	BANANA	NAN	BBC	RIY
3	BANANA	NAN	BBC	RIY
4	BANK	BANK	AUTO	IYWO
4	BANK	BANK	AUTO	IYWO
4	BANKING	BANK	AUTO	IYWO
4	BANKING	BANK	AUTO	IYWO
3	BANKING	NKI	BIG	RIY
3	BANKING	NKI	BIG	RIY
4	BANKRUPTCY	BANK	AUTO	IYWO
4	BANKRUPTCY	BANK	AUTO	IYWO
3	BANKRUPTCY	UPT	AYE	YOI
3	BANKRUPTCY	UPT	AYE	YOI
4	BANKS	BANK	AUTO	IYWO
4	BANKS	BANK	AUTO	IYWO
3	BANNED	EDB	ALA	MRI
3	BANNER	ERB	AKA	MRI
3	BARBADOS	BAD	AUG	IYW
3	BARBADOS	BAD	AUG	IYW
3	BARCELONA	ELO	ADD	MRI
3	BARCELONA	ELO	ADD	MRI
3	BARN	RNB	BIZ	CBA
3	BARREL	ELB	ADA	MRI
3	BARRIER	ERB	AKA	MRI
3	BASEBALL	BAL	ATM	IEC
3	BASEBALL	BAL	ATM	IEC
3	BASEBALL	BAL	AUS	IYW
3	BASEBALL	BAL	AUS	IYW
3	BASED	EDB	ALA	MRI
3	BASEMENT	EME	ACT	MRI
3	BASEMENT	EME	ACT	MRI
3	BASKETBALL	BAL	ATM	IEC
3	BASKETBALL	BAL	ATM	IEC
3	BASKETBALL	BAL	AUS	IYW
3	BASKETBALL	BAL	AUS	IYW
3	BAT	ATB	BAR	IEC
3	BATHROOM	THR	APR	ELY
3	BATHROOM	THR	APR	ELY
3	BATHROOMS	THR	APR	ELY
3	BATHROOMS	THR	APR	ELY
3	BATTLE	TTL	AGE	ELY
3	BATTLE	TTL	AGE	ELY
3	BATTLE	TTL	AOL	ECB
3	BATTLE	TTL	AOL	ECB
3	BATTLEFIELD	TTL	AGE	ELY
3	BATTLEFIELD	TTL	AGE	ELY
3	BATTLEFIELD	TTL	AOL	ECB
3	BATTLEFIELD	TTL	AOL	ECB
3	BAY	BAY	ATA	IEC
3	BAY	BAY	ATA	IEC
3	BB	BBB	APR	IEC
3	BB	BBB	APR	IEC
3	BBS	BBS	APP	IEC
3	BBS	BBS	APP	IEC
3	BBS	BSB	AVI	IYW
3	BDSM	DSM	AVG	LYO
3	BDSM	DSM	AVG	LYO
3	BE	BEB	ALI	IYW
3	BE	EBE	ANT	MRI
3	BEAT	ATB	BAR	IEC
3	BEAUTIFUL	AUT	BAN	IYW
3	BEAUTIFUL	AUT	BAN	IYW
3	BEAUTIFULLY	ULL	ASH	YWO
3	BEAUTIFULLY	ULL	ASH	YWO
3	BEAUTIFULLY	AUT	BAN	IYW
3	BEAUTIFULLY	AUT	BAN	IYW
3	BEAUTY	UTY	ARG	YOI
3	BEAUTY	UTY	ARG	YOI
3	BEAUTY	AUT	BAN	IYW
3	BEAUTY	AUT	BAN	IYW
3	BEAVER	ERB	AKA	MRI
3	BECAME	EBE	ANT	MRI
3	BECAUSE	EBE	ANT	MRI
3	BECOME	ECO	AMD	MRI
3	BECOME	ECO	AMD	MRI
3	BECOME	EBE	ANT	MRI
3	BECOMES	ECO	AMD	MRI
3	BECOMES	ECO	AMD	MRI
3	BECOMING	ECO	AMD	MRI
3	BECOMING	ECO	AMD	MRI
3	BED	EDB	ALA	MRI
3	BEDFORD	DFO	BID	MRI
3	BEDFORD	DFO	BID	MRI
3	BEE	EBE	ANT	MRI
3	BEER	ERB	AKA	MRI
3	BEFORE	EFO	AID	MRI
3	BEFORE	EFO	AID	MRI
3	BEFORE	EBE	ANT	MRI
4	BEGAN	NBEG	BALD	RIYW
4	BEGIN	NBEG	BALD	RIYW
3	BEGINNER	ERB	AKA	MRI
4	BEGUN	NBEG	BALD	RIYW
3	BEHALF	ALF	BEE	IYW
3	BEHALF	ALF	BEE	IYW
3	BEHAVIOUR	URB	ATA	YOI
3	BEIJING	IJI	BIG	WOY
3	BEIJING	IJI	BIG	WOY
3	BELGIUM	UMB	ARM	YNK
3	BELIEVE	EBE	ANT	MRI
3	BELIEVED	EDB	ALA	MRI
3	BELIZE	EBE	ANT	MRI
4	BELKIN	BELK	ALSO	IYWO
4	BELKIN	BELK	ALSO	IYWO
3	BELLE	EBE	ANT	MRI
3	BELONG	ELO	ADD	MRI
3	BELONG	ELO	ADD	MRI
3	BELONGS	ELO	ADD	MRI
3	BELONGS	ELO	ADD	MRI
3	BELOW	ELO	ADD	MRI
3	BELOW	ELO	ADD	MRI
3	BEN	BEN	ALT	IYW
3	BEN	BEN	ALT	IYW
3	BENCH	ENC	ABS	MRI
3	BENCH	ENC	ABS	MRI
3	BENCH	BEN	ALT	IYW
3	BENCH	BEN	ALT	IYW
3	BENCH	ENC	BAN	NKY
3	BENCH	ENC	BAN	NKY
3	BENCHMARK	ENC	ABS	MRI
3	BENCHMARK	ENC	ABS	MRI
3	BENCHMARK	BEN	ALT	IYW
3	BENCHMARK	BEN	ALT	IYW
3	BENCHMARK	ENC	BAN	NKY
3	BENCHMARK	ENC	BAN	NKY
3	BEND	BEN	ALT	IYW
3	BEND	BEN	ALT	IYW
3	BENEATH	BEN	ALT	IYW
3	BENEATH	BEN	ALT	IYW
3	BENEFICIAL	BEN	ALT	IYW
3	BENEFICIAL	BEN	ALT	IYW
3	BENEFIT	BEN	ALT	IYW
3	BENEFIT	BEN	ALT	IYW
3	BENEFITS	BEN	ALT	IYW
3	BENEFITS	BEN	ALT	IYW
3	BENJAMIN	BEN	ALT	IYW
3	BENJAMIN	BEN	ALT	IYW
3	BENNETT	BEN	ALT	IYW
3	BENNETT	BEN	ALT	IYW
3	BENZ	BEN	ALT	IYW
3	BENZ	BEN	ALT	IYW
3	BERKELEY	KEL	ACC	AQK
3	BERKELEY	KEL	ACC	AQK
3	BESIDE	BES	ALL	IYW
3	BESIDE	BES	ALL	IYW
3	BESIDE	EBE	ANT	MRI
3	BESIDES	BES	ALL	IYW
3	BESIDES	BES	ALL	IYW
3	BEST	BES	ALL	IYW
3	BEST	BES	ALL	IYW
3	BESTIALITY	BES	ALL	IYW
3	BESTIALITY	BES	ALL	IYW
3	BESTSELLERS	BES	ALL	IYW
3	BESTSELLERS	BES	ALL	IYW
3	BETTER	ERB	AKA	MRI
3	BEVERAGE	RAG	AKA	BAQ
3	BEVERAGE	RAG	AKA	BAQ
3	BEVERAGE	EBE	ANT	MRI
3	BEVERAGE	GEB	BAN	UMR
3	BEVERAGES	RAG	AKA	BAQ
3	BEVERAGES	RAG	AKA	BAQ
3	BEYOND	BEY	AKA	IEC
3	BEYOND	BEY	AKA	IEC
3	BIDDER	ERB	AKA	MRI
3	BIDDER	DER	ALT	LYO
3	BIDDER	DER	ALT	LYO
3	BIGGER	ERB	AKA	MRI
3	BIKE	KEB	ACM	AQK
3	BILLION	NBI	BAG	RIY
4	BILLION	NBIL	BAGS	RIYW
3	BIN	NBI	BAG	RIY
3	BIOTECHNOLOGY	TEC	ASN	ELY
3	BIOTECHNOLOGY	TEC	ASN	ELY
3	BLAH	HBL	ADD	UMR
3	BLAKE	KEB	ACM	AQK
3	BLANKET	TBL	ACE	ELY
3	BLAST	TBL	ACE	ELY
3	BLESSED	EDB	ALA	MRI
3	BLOCKED	EDB	ALA	MRI
