Key 1	Key 2	Plaintext
ABANDONED	CHESTER	IFBYAIT OLLAYLU
ABILITY	CIRCULAR	IEDREDI IGNDOGA
ABORIGINAL	BOTTLES	JULVIAP VESCADA
ABORIGINAL	RECIPES	WIFEPAP ILEGZIM
ABORTION	DEMOCRAT	HIPUBIFB EDIRMYAR
ABRAHAM	AUTOMATIC	LOUIILY ZZYRAYI
ABRAHAM	HEADSET	DIMDRGY ECTRIBY
ABRAHAM	LEGISLATURE	AIFORAZ QPROCFU
ABRAHAM	SINGING	MESAMON ULYAAXQ
ABSENCE	KNITTING	XAOFXAQ QBYTAPO
ABSOLUTE	RUNTIME	WORMIMC WEBYDRO
ABSORPTION	MERCHANT	SINGSURF YSVICXXD
ABSTRACTS	MENTION	SIRNONV UMAGEVO
ABSTRACTS	SURVIVE	MONROYT CYPINOW
ACADEMIC	CARDIAC	IMMAUSK ASTVIAK
ACADEMY	CARDIAC	IMMAUSG RPTARVS
ACCEPTS	EQUIPMENT	GOVRICA ZTOISXD
ACCEPTS	REFRIGERATOR	WHOIPHA AMORGWE
ACCEPTS	SHERIFF	MESIPIS ULYLETQ
ACCESSORY	ADAPTATION	LIDGEMIIS TIMEBYDEL
ACCIDENT	AMERICA	LASEVEX DIRTDRW
ACCOMMODATION	SHERMAN	MESUESK PUTERCH
ACCOMPLISH	CUSTODY	ITEMXMO RPIHIOC
ACCORDING	CHARLIE	IEDUPSX WIIITAO
ACCOUNT	CASINOS	IMEAAAH RPMAPQT
ACCOUNT	MUSICAL	STEALOP NOMACXK
ACCOUNT	SHERMAN	MESUBOR ULYORXT
ACCOUNTABILITY	RESPOND	WHENUND RLHEAEQ
ACCOUNTABILITY	STATING	MUDMENA SDIFLEW
ACCURACY	LIABILITIES	ADDXOAKZ LNOFNIAG
ACCURACY	STAYING	MUDTOOY EKCABXZ
ACHIEVE	REASONS	WHOSOJA EETCAYM
ACHIEVED	CULTURES	ITUBIBYI CSORTJRG
ACKNOWLEDGE	LAWYERS	AMPSOAR GEXTOCY
ACKNOWLEDGED	SHAKIRA	MENBRAK YMBYSCU
ACQUIRE	CIRCUIT	IDOWEIC RNTRUTH
ACQUIRE	IMPROVEMENT	CAPORBY TUMFANR
ACQUIRED	IMPROVED	CAPORBYE UKIASJRU
ACROBAT	EQUIVALENT	GOTALLP AISRUGV
ACTIVATED	CAPABLE	IMNOLAC OESXAVS
ACTIVELY	CORRECTED	IQUEHEPM HOSECALV
ACTIVITIES	IMPOSED	CANANOD AUIOLDI
ACTIVITY	CERTAIN	IHUBMRR HDOMLIT
ACTRESS	SHADOWS	MEIJOYF ULDIATB
ADAPTED	CONSEQUENCES	INKMSKN OROMONQ
ADAPTER	CONSEQUENCE	INKMSKY OROMVIT
ADAPTER	CONSEQUENCES	INKMSKY OROMONE
ADAPTIVE	CONCORD	INKIFIM OOUSJAZ
ADDITION	CARRIES	ILIEYOG WABUTRH
ADDITIONS	ENGAGED	GOPOTOC ZYXEDXN
ADDRESSED	COMPOSER	INXWONAN HSTVSBOL
ADDRESSES	COMPOSER	INXWONAN MSTVSBOL
ADMISSION	ANYBODY	LOSTDIA CILFRII
ADMITTED	ANYBODY	LOSTFLE TLPEROT
ADOPTION	COLLECTED	INTASAIR HSXSUNCR
ADOPTION	COLLECTOR	INTASAIA WSXSUNCU
ADOPTION	PUBLISHERS	UPGAYDOR LOGANIXS
ADVANCES	COMPANY	INFLUPE DOCMODM
ADVERTISE	UNKNOWN	POTWITJ VWANXAR
ADVERTISER	LINCOLN	ACEAIDJ MNYANGC
ADVERTISING	CONSOLE	INEDIDX DODXGOW
ADVISED	CONSECUTIVE	INESTEN FOATXTY
ADVISOR	CHEAPER	IDNOFIV RNYENTH
ADVISOR	CONSECUTIVE	INESTLY FOATXXN
ADVISOR	POINTED	UNINEIG IRDCUTS
ADVOCATE	COLORED	INGLEGD OOBLIDC
AFFAIRS	RESORTS	WEBIOKF ELXLABB
AFFECTED	RESEARCHERS	WEBOOKTA OYAIMXVO
AFFECTED	REVEALED	WEMOODYE NMEAXFRU
AFFECTS	DAVIDSON	HIMRYUG XDAYHEX
AFFILIATED	DAMAGED	HIVOLOA GGBYEAQ
AFFILIATED	DAMAGES	HIVOLOE GGBYEAJ
AFFORDABLE	REVERSE	WEMENIS KEEGGRI
AFRICAN	NUMEROUS	ORAREND QASGOTP
AFRICAN	RELEASES	WEBROMQ YOUFEEQ
AFTERWARDS	READILY	WEISOLI AMNMRYE
AFTERWARDS	READING	WEISOIT AMNMRTV
AGAINST	LABORATORY	AHEARMJ NXRAYOC
AIRLINE	CAMERAS	IFAZOOA RIKWAXM
AIRLINE	COMMENTED	IHAMUNC OIMIIWY
AIRLINE	LIABILITY	ATMYLUX QAIIBEL
AIRPORT	CALLING	IFBAREA RIXAIFM
ALABAMA	CERTAINLY	ISMIAXX ZOAKMUR
ALBANIA	CHANCES	IPERNOE RAMNOXD
ALBANIA	EFFORTS	GOSIRFE OPYLIDD
ALCOHOL	CASINOS	IDEAHUR RNMAIMT
ALCOHOL	SERIOUS	MSJAYOR URBAGXT
ALIGNMENT	SYMPOSIUM	MINEWAXLL TLOFFLUAT
ALLEGED	GEOGRAPHICAL	ESTPAGE SMRENDI
ALLERGY	SEVERAL	MSGONEO URHEOFV
ALLOWED	CORRELATION	IFBUGPA FFRAINL
ALLOWING	OFFICES	NOWAIOZ ZIFLUHY
ALREADY	GASOLINE	EDNEWSP CMELCOW
ALTERED	CLASSIC	IKIDHOO RGDRIXV
ALTERED	COATING	IFIFORR RIDWAST
ALTERED	LEGENDARY	ASCORDA WOXDANX
ALTERED	NOTHING	OFMYORR UITLAST
ALTERNATE	CONCERTS	IFPACEGU GGSAMFAC
ALTERNATE	EFFECTIVE	GODOEBYOL HEWXDIGOT
ALTERNATIVE	CONCERTS	IFPACEGU CSAUGMEG
ALTERNATIVELY	PENDING	USPSONT SMITUGA
ALTHOUGH	SESSION	MSJAROM ZIMXCYC
AMAZING	COLLECTORS	IEYEUPA ERSUEPH
AMAZONCOUK	COLLECT	IEYEOPE EAFURPD
AMBIENT	REGULAR	WOOLNON EPTGOXQ
AMBIENT	REGULATORY	WOOLNOJ PAAANXZ
AMBIENT	SCHOLAR	MATANON UZSAOXQ
AMBIENT	SOLOMON	MERAMAR ULFAAQT
AMENDED	CABINETS	ICANMCD DIXUSAG
AMENDMENTS	MEMPHIS	SOWOWXA STEDIGQ
AMENDMENTS	QUANTITY	TUBIAXCD OGCANNIC
AMENDMENTS	SHOPPER	MYDOBYF QAXXAVI
AMERICAN	DOCUMENTS	HESOHEXB NITSIAVE
AMERICAN	REMARKS	WOWNOVE IEFONAZ
AMERICANS	DOCUMENT	HESOHEXB NITSIAVE
AMERICAS	DEFINED	HOPEGEA EQSANDH
AMERICAS	DEFINES	HOPEGEE EQSANDD
AMONGST	DEMONSTRATED	HOPPINJ JRAAMRE
AMONGST	SEPARATED	MOMRAMJ YXTIMIC
AMPLAND	GIBRALTAR	ERICAUD GEHEUTI
ANAHEIM	CERAMIC	ITMSMRW ROTCASF
ANAHEIM	COMPOUNDS	IDRDOUG SWXREPH
ANALYST	COMPETE	IDRABUC RNFARMH
ANALYST	COUNTING	IDXLIDR PHSSECU
ANALYZE	COMPETE	IDRABYY RNFARTY
ANALYZE	COMPILE	IDRATIY RNFACTY
ANALYZED	CLAIMED	IXFURUP SKTHUFB
ANCIENT	CRYSTAL	IHISSOP REDCOXK
ANDERSON	LEGENDS	ATPORIG OYAGEMT
ANDREAS	COMPOSED	IDXWOMA SHSKIEA
ANDREAS	STRETCH	MEIISIT ULDLOTX
ANIMALS	MESSAGE	STOPARA NOTIPSM
ANIMALS	METABOLISM	STAYSCR DPIGAMP
ANIMALS	STATEMENT	METOPVA QXMODAV
ANIMATED	COSTUME	IDOONCY SHZENSU
ANNOTATED	STRATEGY	MESIGGAM EETVSSEM
ANNOTATION	COLLEGE	IDJOSEC RXORRAM
ANNOUNCE	COMPARE	IDINNET OHIGOTL
ANNOUNCED	COMFORT	IDIDUEE ONDRAGK
ANNOUNCED	COMMENT	IDITINE ONDAGES
ANNOUNCED	COMMONS	IDITUNC ONDAAEY
ANNOUNCEMENT	CASINOS	IBRAAAC OGYUSFI
ANNOUNCES	COMFORT	IDIDUEE OWDRAGK
ANNOUNCES	COMMENT	IDITINE OWDAGES
ANNOUNCES	COMMONS	IDITUNC OWDAAEY
ANTENNA	STANLEY	MEIWERI ULDRUSY
ANTHONY	COASTAL	IDIAFOO RNDANXV
ANTICIPATED	LEISURE	ATASLID LOVONII
ANTIGUA	COLLINS	IDOUNLE RNTOOKD
ANTONIO	CHANGED	IRIPIOC REDIGXH
ANTONIO	CREATION	IHEIXRH WDIUTCL
ANTONIO	CREATIVE	IHEIXRW ODIUTCB
ANTONIO	CRITERION	IHAMLIT ESMINRE
ANYBODY	COLLECTING	IDAYOFM RDQTYIF
ANYBODY	COMBINED	IDSERYE SHXTOON
ANYBODY	CONSEQUENTLY	IDOGORR ODOLDMU
ANYBODY	CONSIDERATION	IDOGREE IVONETS
ANYBODY	CONSIDERATIONS	IDOGREE IVONETI
ANYBODY	CONSISTENT	IDOGRIM ODONSHR
ANYBODY	CONSOLIDATION	IDOGETA SVONRED
ANYBODY	LENDING	ATOCRYC LOTPITH
ANYMORE	CERTIFICATES	ITWORMX AYGODRT
ANYMORE	CERTIFICATION	ITWORMX AYGREWN
ANYMORE	STATUTE	MELOUKY ULSERBY
ANYMORE	STAYING	MELAREK ULSAIFS
ANYTHING	CONNECTIVITY	IDOTVARP YIFEWIZD
ANYTHING	CONVICTION	IDORMARP NERSEXFA
ANYTIME	CENTRES	ITONOYA ROTCATM
ANYWHERE	CONNECTICUT	IDOEVENO ICFLYJRJ
APPARATUS	STRIPES	MRVOLGH MSKITJR
APPENDIX	MOBILES	SKIREDP RAZOOGN
APPROXIMATELY	STREAMS	MRVICIP UOHULLE
AQUARIUM	SPANISH	MEXRODI UDOVENA
ARBITRARY	SKATING	MAEBYET FTESTIK
ARCHIVE	AVAILABILITY	LEDXIYO ZEINKIJ
ARGUMENTS	PROTECT	USBYMER SREGLUG
ARISING	INTERESTS	CHADORO MNXWOWV
ARRANGEMENT	KINGDOM	XMSAMGU IDIDRPO
ARRESTED	LIMITED	AMAREJP HHIGOAG
ARRIVAL	CHARACTER	INMEMIP ONALABE
ARRIVALS	SOMEHOW	MYAREND ANOGOTP
ARRIVED	CHARACTER	INMEMED ONALAFT
ARRIVED	CHARACTERISTIC	INMEMED ONATUBG
ARRIVED	CHARACTERISTICS	INMEMED ONATUBG
ARRIVED	CHARLOTTE	INMEBID FCALLBH
ARRIVED	SOMEHOW	MYAREIL UCKNUTX
ARRIVES	CHARACTERISTIC	INMEMEH ONATUBC
ARRIVES	CHARACTERISTICS	INMEMEH ONATUBC
ARRIVES	SOMEHOW	MYAREIU UCKNUTJ
ARTICLE	COLLECT	IYOUROC RCTOIXH
ARTICLE	COLLECTABLES	IYOUROC CPMIDHU
ARTICLE	COLLECTIBLES	IYOUROC RPMIDHU
ARTICLE	COLLEGE	IYOURRY RCTOISY
ARTICLE	PHENOMENON	UNENAVY LIDALRE
ASSAULT	COSMETIC	IWHYIDO ARPOKCL
ASSESSING	SUGGESTS	MAAPTNOS BIAARCAS
ASSOCIATE	MANDATE	SURFOFS UAAHEDU
ASSURANCE	CURRENT	IANOCOR AUSCIXV
ASSURED	GROWING	ERICORR CEDPAST
ASTRONOMY	BRIEFLY	JRAITUL WDLOSXE
ATHLETES	KARAOKE	XWEPORY RMSACYP
ATHLETES	PRODUCT	UPAKIMC TITHYRO
ATHLETICS	CARROLL	IWECODM ADHIRIC
ATLANTA	PROCEEDS	UPTELJA TIASIRC
ATLANTIC	PROCESS	UPTELUP RIASIVB
ATTACHED	SIGNALS	MICROKA PSJEEPZ
ATTEMPT	LITHUANIA	AIMYBUR CLITLEW
ATTRACT	HITACHI	DIMNOBO ECTCAMV
ATTRACT	PROUDLY	UPLOTOM IASECXV
ATTRACTIONS	PRIVACY	UPATAGM UOHEIMA
AUDIENCE	SECONDS	MYAALYC YNOANIU
AUDITOR	CHEAPER	IZOOHIV RITEITH
AUDITOR	PARTIALLY	USIBYNS NOTAKAX
AUDITOR	SECTIONS	MYABYUT ANOSAEA
AUTHORS	EMPIRICAL	GUNXIIC ERBYCUB
AUTHORS	SEARCHING	MYIFAJP QXAAUSV
AVIATION	ROMANCE	WANGXAB ICHISPL
AVOIDING	SOURCES	MAKEYOZ KHADTRY
AWARDED	SCIENCES	MYTIMEP ANBYDOM
AWARENESS	LATINAS	ATIELOA MPMSEMB
BAHAMAS	BILLING	IFUPHOO RIXIIXV
BALANCE	OUTREACH	MSONLIT ZIPWAYG
BASENAME	BLOGGER	IDIPIGO OHIPZSH
BATTERY	BUILDERS	ISASKNU DMRBEIM
BATTERY	BUILDING	ISASKIP PMRBENH
BEARING	OFFERED	MEAIORR ULKLAST
BEDDING	OFFERED	METSORR ULSCAST
BEDFORD	MERCURY	OFISUPF UIDCRYB
BEDROOM	MEDICATIONS	OFSEANY EVITOPX
BEDROOMS	MEANINGFUL	OFCARANG GEAXXMEW
BEIJING	IMPORTS	BOBSOBO IPXCAMV
BIBLIOGRAPHIC	THEREBY	NOACUMC ERTXAAT
BILLING	DROPPED	GMTAPRR OPSAEST
BILLING	MATCHED	OFORMRR UITNAST
BINDING	OFFERED	MAUSORR UZXCAST
BIOGRAPHIES	BRIDGES	IMSTAGI YSWEUPE
BIOGRAPHIES	BRITISH	IMSDOMA YSWOWXN
BLOGGER	ISLAMIC	BETAJOH ILSAEXT
BLOWJOB	JUDICIAL	AVEIVEC ADAUSRF
BOLIVIA	BORDERS	IXBYHIE RLXLITD
BONDAGE	EFFECTS	FLUSOHA AOXCASM
BOROUGH	CHEAPEST	HIHIWAT GDEMOTU
BOUNDARIES	JOURNEY	AXDAMGU CTXARET
BOWLING	CHECKOUT	HIMRSAJ GDAYDUC
BRANDON	OVERCOME	MEBAYUG YDUSBEX
BRIEFING	ORDERED	MSROBOU KIAITUS
BRIEFLY	DONATED	GYMCOPF OCTPAYB
BROADER	LANDSCAPES	SKYDOEJ VYSOFUS
BROTHER	EMBASSY	FIGJRHU ACHIISJ
BROTHER	MUSLIMS	OFISMYL UIDCATX
BRUNETTE	MAXIMUM	OKANMSY IBAUSDX
BUKKAKE	TYPICALLY	NEWFOXV UKXXIXO
CALIBRATION	ICELAND	AMXUSEA QSEATOR
CAMCORDERS	TURKISH	MSAMRXK YSREDPH
CAMPING	IGNORED	AHINORR LEDCAST
CAPTURED	OFFENSE	LIEFAXY TAHXXPS
CAROLINA	TURKISH	MSXVIDL SIDRSCO
CAROLINE	TURKISH	MSXVIDL YIDRSCO
CEILING	IMMIGRANTS	AONUNET OTINNTA
CEILING	INSTRUMENTATION	ATOSOLN GJOBBYB
CEILING	INSURED	ATOIORR LOTLAST
CENTURY	MYSTERIOUS	TURNIPA VWAXATS
CEREMONY	INDEPENDENTLY	ATIOKIFN ULYUSDIC
CERTAIN	COUNCIL	GMTTORH OPSGAST
CERTAINLY	INDEXED	ATIFJOU AAMOFLU
CHAIRMAN	INDICES	ARCWEYE OOTICUN
CHALLENGING	FISTING	DOGSIRM BNBYMYR
CHAMBERS	MILEAGE	TOYXSAF UTAUGUG
CHAMPIONSHIPS	SIEMENS	JOBLAWG VYMIAOP
CHANCELLOR	INDIANA	ARCNORK AATUEXG
CHANCELLOR	INDIANS	ARCNORR AATUEXF
CHANCES	DISTANT	FOGTORH APHGAST
CHANCES	INFORMAL	ARAPEYE AOSEPUN
CHANCES	JOURNAL	SIXANGR NCMAOBT
CHANCES	THEREOF	MSBARIS URXAITQ
CHANGED	INFINITE	ARANIOD GOSUCHL
CHANGES	INFINITE	ARANIOH GOSUCHG
CHANNEL	DISTURBED	FOGTANZ BXIFWEK
CHANNEL	THEREOF	MSBALIU URXACTJ
CHANNELS	PIRATES	NOMRXCR SILYMRV
CHARGED	MINISTERS	TOKEYJP KYDOIAR
CHARGES	MINISTERS	TOKEYJA KYDOIAW
CHARLIE	OCCUPIED	LEDORRY TENSESP
CHASSIS	INTEGRAL	ARIDYIE AOXVOLS
CHASSIS	MILFHUNTER	TOYCRUZ WWEBEEX
CHEAPER	HIGHLIGHTED	BOYSROD CTROBXQ
CHEAPEST	INTEGRATED	ARECONEW UPPAMTIR
CHECKING	THEATER	MSTELOT KITSIFW
CHECKOUT	THEATER	MSTELIY CITSIYI
CHICAGO	DIAGRAM	FOTOGER APSELFT
CHOICES	MINERALS	TOYREGR UTAMODM
CHOLESTEROL	INDIANA	AREUPSG GEXCARB
CHOLESTEROL	INDIANS	AREUPSH GEXCARA
CHRONIC	THEATER	MSHIXOH URFLUXT
CIRCUIT	PHYSIOLOGY	NOWFEEP AUIJRKL
CIRCUMSTANCES	UTILITY	RIDRECJ KLEEUNI
CIVILIZATION	THEATER	MONOKOX STSEXEP
CLARITY	INFLUENCED	AXACEJP ITWOBEQ
CLARITY	INFLUENCES	AXACEJP ITROBEQ
CLASSES	EXCITING	ENDSEOZ ACEOKMY
CLASSES	REBECCA	USEDSEE IRMROFD
CLASSIFICATION	READERS	USFETIS UXUSXHA
CLEANER	ENTERING	EXECROT ATORAYW
CLEANER	INVISIBLE	AXNOVOI ATHMYXU
CLEANERS	INDEXES	AXOCTCL MBEATUS
CLEANING	ENTERED	EXECROU ATORAYS
CLEANING	INDEXED	AXOCTOU EBEATZS
CLEANUP	RELOCATION	USXINPL UYWEMAK
CLEANUP	RETIRED	USEORZE IRMEIDD
CLEARED	ENTERING	EXECNOU ATORIDS
CLEARED	RELYING	USXMORR IRMEAST
CLEARED	TELLING	MSXPORR URMIAST
CLEARING	ENTERED	EXECNOU ATORIDS
CLIENTS	INTERFERENCE	AXAORIA WTHAOFR
CLIMATE	INTERVENTION	AXAXGOY OEMMEVS
CLOSING	RESORTS	USIJOBO IRDIAMV
CLOTHES	LODGING	OFEDMRO UIMRASV
CNETCOM	ENTIRELY	EVEBEII MSAYXBY
COASTAL	ENTERPRISES	EDIDJUS OWHOJPE
COLLEAGUE	ENEMIES	EDXMUGO ZMONXPS
COLLECT	INTRODUCTORY	ADOCOFZ IZTEDIW
COLOGNE	INTELLIGENCE	ADOELUX EMJRISX
COMBINE	ENTERTAINMENT	EDTBOBS ODMYNVI
COMBINE	SYNTHESIS	JRIIMRA KSCODMA
COMMANDER	ENTRANCE	EDTBANOC RNAONSAP
COMMERCE	MISTAKES	THYOPTTH OFLAYXWI
COMPANY	TRANSMIT	MYROBQA CNEITSO
COMPATIBLE	ENDLESS	EDXAPUP FFOPTIV
COMPETE	MYSPACE	TRYUPMY WEDOEXY
COMPETENT	THICKNESS	MINIDBYSP TLOTFIGPS
COMPLICATIONS	TRINITY	MYNOIFG SASECJR
COMPOSED	MISSISSIPPI	THYMRNAS SWTUNESD
COMPOSER	MISSISSIPPI	THYMRNAI SWTUNESR
COMPOUND	MISSIONS	THYMROFI OFLASVAG
CONCEPT	SYMBOLS	JRIDOEH ZEDRAFT
CONCEPT	SYRACUSE	JRSERAH TVATOKE
CONCERN	SYMBOLS	JRIDOGZ ZEDRABB
CONCLUSIONS	MARRIED	TVSLIZB FFIXXGM
CONFIRMATION	TRIBUNE	MYMAEEU SAACGOC
CONNECTING	TRANSIT	MYKITAJ XMRHERR
CONSOLES	CRITERIA	GYMLOGXM GDECXSCA
CONSTITUTION	TRUSTED	MYFIGOD MAGREEQ
CONSTITUTION	TRUSTEE	MYFIGOC MAGREEU
CONSTITUTIONAL	TRUSTED	MYFIGOD MAGREVO
CONSTRUCT	ENGLISH	EDQTYXI EZCAUSI
CONTENT	INSURANCE	ADRYCOR IMSCARV
CONTEXT	INVOLVE	ADEMNEC LNMEOFH
CONTINENTAL	TRUSTEE	MYFLYRY QAUGWOM
CONTINUED	ENEMIES	EDVOLRW CNASTYM
CONTRACTOR	SYMBOLS	JRIIIAC EAXJRFB
CONTRIBUTOR	CRITICAL	GYMNOACN VAYERAPN
CONVICTED	INSURED	ADRDOED GNSREGL
COOKBOOK	TRAFFIC	MYHIRED GNXMRVE
COOKING	THEOLOGY	MIDVIAX ESIISFR
COOLING	MINERAL	THYZOOQ WEDWAXM
COORDINATE	TRAINED	MYHEMOU SAIMWIK
COORDINATE	TRAINER	MYHEMOT SAIMWIL
COORDINATE	TRIUMPH	MYSONGL SAWXVID
COORDINATES	TRAINED	MYHEMOU SAITARW
COORDINATES	TRAINER	MYHEMOT SAITARH
CORRECT	TRANSEXUALES	MYMATEV MTOPAOB
CORRECTION	TRIUMPH	MYDOMNS XSEXWOU
CORRESPONDENCE	ENSURES	EDNOCHI IDEOIES
CORRESPONDING	ENSURES	EDNOCHI IDERIAS
COSTUME	IMPLIES	AELSEYA LLSCUTM
COSTUMES	INDONESIAN	ADDMAYAD ZETILFLO
COTTAGE	TRIBUTE	MYAINHY UCKLOSY
COUNSEL	INTERIM	ADRWHOI LNFRIXY
COUNSEL	TRIPADVISOR	MYJOBDE XONILVO
COUPLED	TRACKBACK	MYXITFA TEXTIAU
COUPLED	TRACKBACKS	MYXITFA TEDHEXD
COUPLES	TRACKBACK	MYXITFE TEXTIAL
COUPLES	TRACKBACKS	MYXITFE TEDHEXS
COVERING	MINERAL	THEONCH HUIONSC
CREATIVITY	CYCLING	GOSPYWI PTSODOH
CREDITS	INTERMEDIATE	AHESOCA HDVERME
CREDITS	INTERNAL	AHESOBE AMITSUG
CREDITS	INTERVAL	AHESOOE AMITSXJ
CRICKET	INVESTIGATED	AHIAIJO EMUPMEG
CRITERIA	TRAFFIC	MSTEXIK SITSBUL
CRITICS	INSTRUMENTS	AHONORK GSOVONR
CUSTODY	RANGING	USRDRYC IRFRITH
CYCLING	GOVERNMENTAL	CRUZONN ENIIUSF
CYCLING	PRESERVE	NOSTUEI RIPEMYS
DAMAGED	DOWNLOADS	EVERLIA DEMXIMB
DAMAGED	SURGICAL	ISAANEA ZMRALTH
DAMAGES	DOWNLOADS	EVERLIE DEMXIMT
DATABASES	SURFING	ISUBXOO ORTAXUP
DEADLINE	STAFFING	INFOMRFA CYWAXTAP
DEALING	PURPOSE	MYMARSK UCTAIVS
DEBORAH	DRAWING	EVEZOOW CUMWAXF
DECISION	STARSMERCHANT	INDECXBE IATGUNTV
DECISIONS	JEFFREY	OFOKHOL AUTCXPR
DECLINE	SECURED	IFBIORP RIXLASK
DECLINE	STEPHEN	INSAMRQ RRYAASM
DECLINE	SUSPECT	IYEAUPC RCMARYH
DEFENCE	HOWEVER	AMLOSEF LPSEOFB
DEFENCE	SECRETARIAT	IFOILMS IFYYETU
DEFENCE	SECURED	IFOUREP RITOIFK
DEFICIT	PLEASED	MSPOSOD URBEOXF
DEFINED	QUANTITATIVE	RYANXOD WAMSBYQ
DEFINES	QUANTITATIVE	RYANXOH WAMSBYJ
DEGREES	SESSION	IFAQUIZ RIKARTB
DEGREES	STRUGGLE	INFOWAR OOCTITX
DELETED	EMBEDDED	DOROADP EXBIOLN
DELETED	EVERYBODY	DRXIIFC EDSOTAB
DELIVER	SOLOMON	IMMAAIT RPTAPTX
DELIVERS	EMBASSY	DORONHU IXBINRW
DELIVERY	EMBASSY	DORONHU NXBINRW
DENMARK	HOTTEST	AMPOPXQ LPBEEFM
DENSITY	SOMEONE	IMIDRBE RPDRIMD
DEPARTURE	SOLVING	IMSXOBJ IDNOSYE
DEPENDENT	SECRETARY	IFHILLSEA DWITXWONX
DEPOSIT	JEFFREY	OFEDHOM UIMRIXV
DEPOSIT	SOUTHAMPTON	IMYMRCY GLADRAY
DESCRIBE	SCORING	IHILOWP ODEIUSS
DESCRIBE	SOMETIMES	IMYAJRXC MARBEISD
DESCRIBE	WICHITA	XBETOFC VAUSBLE
DESCRIPTIONS	STATING	INGHOWB FOVHSVO
DESERVE	SEVENTH	IFXOROZ RIMEIXB
DESIRED	PLACING	MSGPORR URHIAST
DESIRED	SUNSHINE	IYRSSOU OVEHOWS
DESIRED	WAITING	XJOBORR CATOAST
DESKTOPS	STOPPED	INIXHIE DOSBOOS
DESTROYED	STATIONS	INGNOUPH HSIEDSAK
DESTROYED	STRONGER	INNMRGEN HSCSIMAG
DESTROYED	WANTING	XJRNOAC VGIFEBM
DETAILED	SECONDS	IFGIGTA SFINILU
DETAILS	SLIGHTLY	ISAAMDR HMRAMSU
DEVELOP	EMERGENCY	DONILIY FSERATG
DEVELOP	HOPEFULLY	AMROMOT ANSXXXD
DEVELOPERS	IMPORTS	SOREPVI HAATCES
DEVELOPMENT	HUNDRED	AYESPIE SKDEALD
DEVOTED	EMERGING	DONUTOU BXJAMZS
DIAGRAM	HITTING	ATIDOON LODRAXQ
DIAGRAM	SITTING	ITIDOON RODRAXQ
DIAGRAM	STATING	IIFDOON RCJRAXQ
DIAGRAM	STATION	IIFDONG RCJRAVS
DIAGRAM	SUICIDE	IXTOOHU RLSEASJ
DIALOGUE	HITACHI	ATIPATH GYUPAWH
DIFFERENTIAL	PLACING	MYASUEK QAMBOOT
DIRECTED	INDUCED	SKIUPJP IAZENIG
DISASTER	SUGGEST	IXAATUC IKCASCY
DISCLAIMER	HYGIENE	ALAPNOX SESEAVO
DISCLAIMERS	HIGHWAY	ATATALA SXSEPGM
DISCLOSE	PHYSICAL	MOMFILEP PTENTXCE
DISCLOSE	SUBLIMEDIRECTORY	IXFRIBAD CIXAINWO
DISCLOSE	SUPPOSE	IXLIZQA OKZIPIO
DISCOVER	SUPPLEMENTS	IXLIZXUN OFXGELUZ
DISCRETE	SUPPLEMENTS	IXLIPCYC OFXGASHO
DISCRETION	SCHEMES	IDSAYCH RXIZONE
DISCRETION	SMOKING	IRIMORA RASHEMA
DISCUSS	HUNGARY	AXRONXJ LLFEOFK
DISCUSS	SUSPENSION	IXHIISF RDALTHO
DISORDERS	THREADS	LONEGEA GYTOEFF
DISPATCH	SUPPORTERS	IXLUCKES WDIXBEEE
DISPATCH	SUPPORTING	IXLUCKEY OPIXBEEI
DISPATCHED	STREAMS	IINGACC YGENUSD
DISPLAY	STYLISH	IIMAIMB RCTAGXJ
DISPUTE	EXCLUDE	DUEAOLY EWMAAKY
DISPUTE	SCORING	IDIWEBK RNDRUMS
DISTANT	STRIPES	IINBERH RCYOUST
DISTRICT	SKATING	INGNOWY FOBINSA
DISTRICTS	STRIPES	IINBLOC FMSXAUS
DISTRICTS	WRITING	XMONOWY PIEDAMZ
DOCTORS	WHATEVER	XIDNOBA SKIMNUL
DOCUMENT	EXTRAORDINARY	DOGOVITL HJREDAVG
DOCUMENT	SECTION	IMBYHIF FSHEROO
DOCUMENTATION	SECTIONS	IMBYHIFU LMXDRYRH
