Key 1	Key 2	Plaintext
ENHANCE	STANDING	HEORMAQ THXIXCO
ENJOYED	GEORGIA	ATOUSOA LOTOOXM
ENJOYING	GEORGIA	ATOUSRX EYOUJRA
ENROLLED	STREETS	HEXENDA AHOFGOI
ENSURES	ORIGINS	IHONORF RETCASB
ENSURING	VACCINE	XBEWOWQ QAUGISI
ENTERED	OPENING	IFEWORR RIMRAST
ENTERING	STEWART	HEENGIR THMLESJ
ENTERTAINING	OPTIONS	IFMRIBE RBARIEC
ENTREPRENEUR	OPTICAL	IFMERUS OBEIIXH
ENTREPRENEUR	OPTIMAL	IFMEMUS OBEIXXH
ENTREPRENEUR	OPTIMUM	IFMEMAO OBEIXFI
ENTREPRENEURS	OBJECTS	IASIRXL OGWEITK
ENTREPRENEURS	OPTICAL	IFMERUS OBEIIAE
ENTREPRENEURS	OPTIMAL	IFMEMUS OBEIXAE
ENTRIES	OPINION	IFAALIZ RIKACTB
ENTRIES	THINKPAD	JRAASLE OVSATET
EPISODES	INTERESTING	OFADIDAU NCRYAIHA
EQUATIONS	LARGEST	PATASDI CKAAALE
ESSENCE	OURSELVES	IANDLOL OKSTANX
ESSENTIALLY	SURPLUS	HANGESP DITSMUD
ESSENTIALS	GEOLOGY	ALIZWHA LONIPOK
ESTABLISH	GRADUATE	ARIDMAOH MSOMSANX
ESTABLISH	TRANSFER	JRIRAYXX CWORKWOU
ESTONIA	TRAFFIC	JRIDJRB ZEDRESJ
ETERNAL	VISITORS	XICEXNS RKJRBLA
EVENING	PROPOSAL	LEDORST WENSERV
EVENING	PROPOSED	LEDORSK TENSERK
EVENING	PROVIDES	LEDFLYK BENZHIT
EVENING	TREMENDOUS	JETJUNR DATIEEI
EVERYTHING	FRANKFURT	BEBANIIIJ NYXNSWGEA
EVERYWHERE	INTERIOR	ONEIMNON ADOCOXBO
EVIDENT	TRANSACTIONS	JETXTOE EGOTAGD
EXAMINATIONS	FOLLOWS	BOYMRIE NNADDEJ
EXAMINATIONS	QUIZZES	KITDARE RCOMTAS
EXCELLENT	FIGURES	BUTUPPA THYODDV
EXCEPTIONAL	OLYMPIC	INIXIFK ERMSGPL
EXCEPTIONAL	OLYMPUS	INIXISP ERMSGCH
EXCERPT	LICENSING	PUBORVO COPUBAK
EXCITING	GLASSES	ANDSEOZ EGEOKMY
EXCITING	OFFERINGS	IXORJRFO MRMELIMK
EXCLUDE	VOLUNTARY	XOKIALS SSJRDYN
EXECUTED	SUBLIMEDIRECTORY	HIARECYE DXPANMYT
EXHAUST	HUNGARY	SINANXM NCYAOFV
EXHAUST	POLYESTER	LOUMINJ PAYXAWR
EXHAUST	POSSIBILITY	LOSHELO WNTOIFU
EXISTED	SULLIVAN	HIQTYXA XDOWEBR
EXISTENCE	OUTLOOK	IIATFIO AGMYXII
EXPANDED	GOVERNING	AORCRYXY NYIAXPOL
EXPANDED	SUCCEED	HIHELDP ADEVIAN
EXPANSYS	FINDLAW	BUTDEMZ LDIAVOI
EXPECTED	OUTCOME	IINAACY SCSUPMU
EXPEDIA	OUTCOME	IINASXS RCYAOFQ
EXPENDITURES	SUICIDE	HIBAGEX GPOPXCN
EXPENSES	JOURNEY	TOYICHE UTATNEA
EXPERIENCED	OUTDOOR	IINSIEF WIDOGBR
EXPERIENCES	RUSSIAN	NILDOCQ NIFONDU
EXPERIMENT	FOLDING	BOSSOWN FITAAOA
EXPERIMENT	FUNDING	BITSOWN FOSAWAA
EXPERIMENTAL	RUSSIAN	NILDOCG RONTUST
EXPERIMENTS	ILLEGAL	ONSOACI IRTDOSE
EXPERIMENTS	OUTSIDE	IINDOSU OOLOWGM
EXPERIMENTS	RUSSIAN	NILDOCG RONONDY
EXPERTS	FINDINGS	BUTSOBO LDIESUN
EXPERTS	FUNDING	BITSOBO ICSCAMV
EXPIRATION	LOGGING	PODZOOA GPENANK
EXPIRES	HUNTING	SITBORO NCSOASV
EXPLAINED	HOTMAIL	SONMARH HXIXLIE
EXPLAINING	FUTURES	BINIGOZ BOBXIDM
EXPLANATION	JOURNEY	TOYCURI WNANMYI
EXPORTS	HOSPITAL	SOLNOWE BYMENSX
EXPRESSED	GLUCOSE	ANYLONA GDOEDXQ
EXTENDED	JOURNAL	TORICHV LTBONEV
EXTENDING	GLUCOSE	ANRAWIX OASUNFE
EXTENDS	JOURNALS	TORICHR UTBONEL
EXTENDS	MORRISON	YOUIGIG DSHEIST
EXTENSION	SUPREME	HINILAX FOALAFL
EXTENSIVE	SUPREME	HINILAX UGALAFL
EXTRACT	OPTIMIZE	IAMEVAU OLIMDOT
EXTREMELY	OPTIMAL	IAMEMSV ZTAPALM
EXTREMELY	OPTIMUM	IAMEMMU ZTAPAON
FABULOUS	OFFERING	HISUPEDF EDCRYDEN
FACILITY	OFFENSIVE	HIOREDOA HEREVEJO
FARMING	FUNDRAISING	ASSZOOV MMICOWT
FAVORITES	OFFERED	HIMENOD SMBUSMP
FEEDING	UNDERWEAR	XTOSOIK KBEEAGR
FIFTEEN	HARMONY	OFGOORP UIHEASK
FIGHTER	TREMENDOUS	IMYUSRG EKSENOX
FIGURED	FISHING	ATAMORR LOKEAST
FIGURED	SHARING	GOSOORR OPYEAST
FILENAME	FIREWALL	ATBOOLIP ZSOAXXRE
FINANCE	TRIGGER	IMMAIEF RPTAGFB
FINLAND	THUMBNAILS	IOFMSNA RLVHSPA
FIREPLACE	TRIUMPH	IMDUKEP ADIBAYP
FISHING	TROUBLESHOOTING	IMIMXUK DAQXIXG
FITTING	TRAILER	IMIBIRD RPDOGSF
FLASHERS	REFLECTIONS	MSATVEND JIBUSHBE
FLIGHTS	RETAILER	MSAAMDA FIRAMSI
FLIGHTS	RETAINED	MSAAMBA PIRAMBL
FLOORING	RESPECT	MSINCAR KINGIMX
FLORIST	RELIGION	MSTENDI QITSGOA
FLORIST	TOWARDS	IFXNOIH RIMCATT
FLOWERS	UNLIMITED	XXTIMIH VOFBUTK
FOREVER	TERMINATION	IMXXDRJ FSETMIM
FORMATTING	THREATS	IIXXAWH ROPBUGQ
FRANCISCO	ROUTERS	MYXTRIF TSXIMIN
FREEBSD	INTEGRAL	THEOKXA DUIOFDR
FREEBSD	INTERVAL	THEOFPA DUIOKNV
FREQUENCY	TERRAIN	IVHSNOF AIENDWR
FRIENDS	FUJITSU	AFURXIW LIXNUTF
FUCKING	TRAVESTI	IFDOUSA RFMSLAN
FUNDAMENTAL	REMOVAL	MYIFMSV QAMMAKU
FUNDAMENTAL	REMOVED	MYIFMYP QAMMATH
FUNDRAISING	SUPPORTS	GMTHIWON EPTJROFC
FUTURES	REPRESENT	MYNOCHA QAPHIIJ
FUTURES	REPRINT	MYNOORH UCYEAST
FUTURES	REPRINTS	MYNOORH ANNWAYL
FUTURES	REPRODUCTION	MYNOIDW TASECSA
GENESIS	PERCENT	IFSATWH RIYACHT
GEORGIA	PLAINTIFF	ISHEIFY TUETHEI
GETTING	PERSISTENT	IFULLSA OBIIHAB
GETTING	PRINCETON	IVATWRA EXMUGPY
GILBERT	PROBLEMS	IMTENNY DSMSGVE
GOVERNOR	PENDING	IMESONS ISETSDA
GRADUATE	PRIVILEGE	ISTUEACA GNEMYHIR
GRAPHIC	SMILIES	FITAMOC ACSAAXH
GREGORY	PUTTING	IFEDREC RIMRIFH
GROUNDS	PUBLICLY	IFGIGFR HFINICN
GROWING	INSURED	PHICORR ZEDPAST
GUESTBOOK	PROJECT	IFDOSHI ERITRIE
HARVARD	OFFICER	FIGJONG ACHIAVS
HEADLINES	YOUNGER	IMXXLOT OIROYOE
HEATHER	NOTTINGHAM	XMINMRD NHATAMP
HELPFUL	TOOLBOX	GMTAROC OPSAIXH
HIGHWAYS	OFFICERS	FARXIGUN IKNUTSIO
HOLDERS	IMPROVE	YESJOBA RLYIAMM
HORIZON	PHARMACY	HIMETNV IDAMYEL
HORMONE	TRAGEDY	GYMVOYE OCTPATD
HOTELSCOM	PHARMACY	HIIIFMSX AELGAYAG
HUMIDITY	NURSERY	XMASKIM OWIBENZ
HYDROGEN	TRANSPORT	GOCADIBE VVARLABX
IDENTITY	MODIFICATION	XNONOREV ESEOOFIY
IDENTITY	MODIFICATIONS	XNONOREV ESEOWARJ
IDENTITY	ROBINSON	INANXDID CYAOFFRW
IDENTITY	ROUTING	INQTYWA HORWECY
IGNORED	PHOTOGRAPHERS	GAYMIAG EPXMRUS
IGNORED	RICHMOND	ISXBYIU SMDIALV
IMAGINE	PERFORMING	GOMYREU PICSEOC
IMAGINE	SECURITIES	DODNOWC SWXMART
IMAGINE	TRUSTEES	FIXBYRY GFRIAOP
IMAGING	PERFORMING	GOMYREN PICSEOE
IMAGING	SECURITIES	DODNOWA SWXMARS
IMPACTS	PENDANT	GOTDOBH OPSRAMT
IMPACTS	WEBMASTER	NOIYOUH RASHWEG
IMPACTS	WEBMASTERS	NOIYOUH RANKAXJ
IMPAIRED	METALLICA	XONGIGXF BEWESTQA
IMPAIRED	REVERSE	IORCOXY SNBEPOS
IMPLIED	SETTLEMENT	DONSICV DILOWST
IMPLIES	SENIORS	DOTURNF EPSOIVB
IMPLIES	SETTLEMENT	DONSICK DILOWSK
IMPORTANCE	PERMITS	GOVTOWE ZZATAIL
IMPORTED	SILENCE	DRSERMY EYATOIF
IMPORTS	PERMITTED	GOVTOWH AXOFJAG
IMPOSED	SENATOR	DOTIEIG EPSLUTS
IMPRESSED	WEBLOGS	NOICOFF RXSAWGI
IMPROVEMENT	SILICON	DRSEATQ PRISKPS
INAPPROPRIATE	MAXIMUM	XBUCKCR TTTOGHA
INCLUDED	ROYALTY	IDIPCLE SHIPOBT
INCLUDES	ROYALTY	IDIPCLE DHIPOBT
INCLUSIVE	REUTERS	ITVSIXP QXPESTH
INCOMPLETE	REVENGE	ITUEDIV OOBUPXZ
INCOMPLETE	REVENUE	ITUEDAV OOBUPSZ
INCREASES	RECIPIENTS	ITBEACARP NYOIHIRAB
INCURRED	RECEPTION	ITBULKXJ OUCHVIAP
INDEPENDENCE	RECIPES	ITARICZ SXHELDP
INDIANA	MERCURY	XTIPNEI CODIOFY
INDIANA	RECOVER	ITAAMRJ ROKAASK
INDIANA	REMOVAL	ITXAMOK ROMAAXS
INDIANA	REMOVED	ITXAMRA ROMAASM
INDIANA	ROYALTY	IDHOWBI RNFEWMY
INDIANS	RECOVER	ITAAMRL ROKAASX
INDIANS	REMOVAL	ITXAMOR ROMAAXT
INDIANS	REMOVED	ITXAMRB ROMAASJ
INDIANS	THOROUGHLY	FREECLO OURXASJ
INDICATORS	ROMANCE	IDXONIC EYDRHUM
INDICES	ROMANCE	IDXONEA RNMEOFM
INDUSTRIAL	RESOLVE	ITDRXOF RYGOINN
INFECTED	REVEALED	ITMOODYE CSEAXFRU
INJURED	SHARING	DRPOORR EEBEAST
INSECTS	RESOLUTIONS	ITHEUSH RTATAXT
INSIGHT	RECORDS	ITEAAAH ROMAPQT
INSIGHT	STYLISH	DEMUNES ELTOOFQ
INSPIRED	RESPONDENTS	ITHUREPD OSRAPAAS
INSTALL	STRENGTHS	DENFURP AVEXPUB
INSTALLED	REVENUES	ITXFUNVH HUNARMJA
INSTANT	RECOVER	ITEMMRN ROMEASQ
INSTANT	STRIPES	DENBERH ELYOUST
INSULIN	SHIPPED	DROPROU EETIIXJ
INSULIN	SHOPPER	DRIPROT EEDIIXX
INSURED	SHARING	DRGOORR EEHEAST
INSURED	SHOWING	DRICORR EEDPAST
INTEGRATE	SHOOTING	DRLETIXH MPPINGMO
INTEGRITY	READING	ITISNEV FADECLL
INTEGRITY	REFORMS	ITDEAFP FAISKEV
INTEGRITY	SHORTLY	DRLITGA LDGOVSU
INTELLIGENT	READILY	ITISIWA PXSEGAD
INTENSE	PHENOMENON	GREWWAY ZADENJA
INTERFACE	REMOVED	ITTEXBA AXUSIIR
INTERFACE	SHARING	DRIIOKT FRIOWNW
INTERIM	RETIRED	ITMRNOV ROTNOXH
INTERPRETED	READILY	ITISOEU OOHOWNV
INTERSECTION	READILY	ITISOBE AODDNEL
INTERSTATE	REASONING	ITIDISOOV HYXCADSOE
INTERVENTION	RECEIPT	ITGOOSC WOFENGN
INTERVIEWS	SHADOWS	DRISIFP DINORAW
INTIMATE	REFERENCE	ITDRYGRE GUASOLLO
INVALID	REPORTS	ITRIPFB ROFLEDJ
INVITED	MONTGOMERY	XDEBTIV VYRIPBY
INVOLVE	RECEIVERS	ITUEIGY IPTSADI
INVOLVE	RECEPTORS	ITUEROB IPTSUMW
INVOLVE	REGARDS	ITLIPZA ROSLEDM
INVOLVE	REPLACE	ITROWKY ROFEWBY
INVOLVED	REALIZED	ITWOIDYE CSRATFRU
ISLAMIC	REMOVABLE	ILLIACA ZEBINDM
ISLAMIC	REQUIRE	ILIZHIT RODWITX
ISLANDS	REMOVAL	ILLISHR ROSLOST
ISOLATION	RESERVE	ILIZGOX EPDOITU
JUMPING	WATCHES	MSTIMRO URSLASV
LEARNED	SUBURBAN	BYEORFA TPROEUG
LECTURE	SURVEILLANCE	BYJRIIV STOELEB
LESSONS	SUICIDE	BYOFRYA ICTWITM
LEVITRA	SUCCESS	BYUPSXE ICXIOFD
LITERATURE	OFFLINE	CADZOOC RONGONX
LOOKING	THEOLOGY	DIDVIAX NHIISFR
MAGICAL	SCENARIOS	AMYNOWM NIODDMC
MAGNETIC	SUPPORT	ASDOOKO IKXSAPR
MAILMAN	SKATING	ARTSHOM LESCIXV
MAILMAN	SUSPENSION	ASOAMOZ CYJANXK
MAINTAINING	SCORING	AMSAYOV OSIRBET
MANAGER	SUFFICIENT	ASUBNEB GHISMYJ
MANAGERS	SPRINGFIELD	AXSOIAED UZOOUNIM
MANDATORY	SURFACE	ASSOAMB WORDTEL
MARATHON	MUNICIPALITY	USSOBYJO RNEDOXCA
MARRIED	SCREENSAVER	AMXIURB LZOOIIK
MARTIAL	SCHOOLS	AMEMRAR LPMEIQT
MATERIAL	SCIENCE	AMAORAS AHICEKN
MATERNITY	SWEDISH	ATESOSU QAVERVS
MATTHEW	MULTIMEDIA	USONMYJ KMYANRW
MATTHEW	SCANNING	AMITHOB EHAYZIN
MCDONALD	SURNAME	ATIPUSV HYUPNAT
MEASURE	OFFICIALLY	BEASLIS SEOAIFQ
MEDLINE	SCRIPTS	AHIUPBA LEDOEMM
MEMORIES	SILENCE	ABLERAY MXINOKW
MERCEDES	SOMETHING	AMAASAXS NIVPUNKG
MERCHANT	STRENGTHENING	ANXAHERG UYBLAHES
MERCURY	OURSELVES	BYXFIGK FOBATCL
METHODS	OUTSIDE	BYMAREA ICTAIFM
MICROPHONE	SHOWERS	AOFPORT NILEAUZ
MIDWEST	SURROUNDED	AXIPOTR HTIEHIY
MIGRATION	OBSERVED	BEAIGOXJ FUPUSHYP
MILITARY	SEATING	ABYBYOD VXTEARL
MILITARY	SKATING	ANYBYOD VGNEARL
MINISTER	REMAINED	FBIOKBYQ IXLABJRP
MINISTRIES	STRONGLY	AISAVHSH UNBUSEPI
MISCELLANEOUS	SCIENCE	ADOALOV LDXCOWP
MISSING	SUGGESTED	AXABUSA GOKIIQT
MISSION	SUNSHINE	AXRIMEF GBIODOC
MISTAKE	OBJECTS	BETFORA ILSWASM
MISTAKE	SIEMENS	ATCOPFA LOVEEDM
MODERATE	SERIOUS	AMIRIPH GHAORJI
MOMENTS	THRILLER	CIAREDA UIMGOGI
MORNING	ORDERED	BYIWORR ICDRAST
MOROCCO	SENTENCES	AMSMRPD GIREDGU
MOROCCO	SERIOUS	AMXAARG LPMAPSS
MUSCLES	VERZEICHNIS	LYNNNOC KMSVART
MUSICIAN	SIGNALS	AXANOZE OBCUNTV
MYSPACE	PRACTITIONERS	DOGIDAC SPBUSUG
MYSPACE	PROSPECTS	DOIMEET LYIXLOL
NATIONS	WILLIAM	IFOUROK RITOIXS
NATURALLY	QUALIFY	MSIIOFO VOAKWAV
NAVIGATION	QUARTER	MSWETGN XYXMAXY
NECKLACE	RUSSELL	EYEUNAX CKRIPBR
NECKLACE	WORKFLOW	IMJRMADW CTIIXMEW
NETHERLANDS	WEAPONS	IFIDOER CBIOWEJ
NETWORK	WEARING	IFIPREE RIDIIFD
NIPPLES	THICKNESS	BOBITRA LYXROMU
NONPROFIT	WEDDING	IMWHOAZ RLYIIGY
NOTICED	TRANSCRIPTION	BYINSEG BBUGSTE
NOTICED	TRIPADVISOR	BYACODM BOYETVA
NOTICES	TRANSCRIPTION	BYINSEL BBUGSTA
NOTICES	TRAVELERS	BYIJRPA VOLPRIX
NOWHERE	SHEMALE	SIMUPGY NCTOEBY
NUMERIC	WARNINGS	ISAWOWY DMRLISA
NUMERIC	WINNING	IXIWOWY RLDRAHY
OBJECTIVES	REACHES	ZIPAXJP DGOITIV
OBLIGATION	WORRIED	PUBENGD GGGAPGE
OBTAINING	VENDORS	TIPDREP BEAVGGY
OCTOBER	UZBEKISTAN	OKHEGOL VSAOTIT
OCTOBER	VERIZON	THUAHIT WEXAITX
OFFENSE	WARRANTIES	PIGIUSC GGUPAIB
OFFERED	PENDING	WEUSORR ELXCAST
OFFICIAL	PETERSON	WEDREDFU NMRIFFAR
ONTARIO	PHILOSOPHY	WRAPIDH OXOURLI
OPENING	UNKNOWN	OFIIRIM UIDLITV
OPTIONS	UNIVERSAL	OFAJOEF NDYNOAI
PARTIES	THANKSGIVING	XGMTSHO MTAXXVH
PASSPORT	TWISTED	XTOIHIG PEORHOT
PERFECT	TOMORROW	XMADCUI DWITXTV
PERFORM	UNDERSTOOD	ATITIXY NTIDXUK
PERFORM	WEDDING	OFIOREN UIDEIFQ
PERSIAN	UNDERSTOOD	ATIDOMR NTITBRU
PHILIPPINES	TORONTO	XIDOGXJ MONDSUS
PLASTIC	WORKERS	OFMUSIC UITOOTH
PLUGINS	TEXTBOOKS	XSADXAG ARCOFLU
PLUGINS	UNKNOWN	AXOURIZ LLTOITB
POINTER	TOURISM	XXJAYHO CLBAGSV
POLITICS	TOBACCO	XXROBAD RLIITNI
PORSCHE	TEMPLATES	XMAMUDC VICEISY
POSSESSION	UNIFORM	ADOCOXK CXJOYOW
POSTINGS	THOMSON	XIIOKAM RKDRFRA
POWERED	TERMINATION	XMYXORA PSATHIW
PREMIUM	WHETHER	ONTOMZO URSEADV
PREPARED	WHENEVER	ONTOPBYQ PYGAYJRP
PROJECTED	TESTING	XVIAUPA VARMAXT
PROJECTOR	TESTING	XVIAUPA YJRMAXT
PROPHET	WASHING	OKIDMRA UGDRASM
PROPOSE	WASHING	OKIDRSK UGDRIVS
PROVIDERS	URUGUAY	ASKMEHE WRAWSYD
PROVINCE	WHETHER	ONDRMRH IIEDXIL
QUARTER	VALIDATION	ISYEAGN RYNUTNY
RANGERS	SESSION	XJRBUZZ CAFORDB
RATINGS	STANDARDS	XWINMEL WDRODTW
REALTOR	SCHOLAR	XHOOKNV CETELVH
RECREATIONAL	SAVANNAH	XJUNLOGY DONANEWV
REFRESH	SECONDS	XFOULIT CITOCTX
RELATIVELY	WATCHES	AJOEPOV GSAPXXZ
RELIGION	WITHDRAWAL	ABOXXIFI ZICEONUG
REMINDER	WIRELESS	ABAREDAX ZXAIFFLU
REPRINTS	SEVERAL	XFRIOOP RPROWXX
RESPONDENT	STICKER	XNOIJRG VROBBYT
RETIRED	WARNING	AJUNORR LAXCAST
RETIRED	WORSHIP	AMUSSOE LPXCOXD
RETRIEVAL	SOLARIS	XMONOOV KTEDADO
RETRIEVED	SOLARIS	XMONOOV VEEDADO
RETURNING	SOLVING	XMODONV HBENAOO
REVIEWER	SYRACUSE	XUPORGAN LXIASSLO
RINGTONE	SOMEHOW	XHIPPUB VREPEDP
SATISFY	TUESDAY	USESOFQ IRMCADM
SCIENTISTS	STANLEY	NUTWEJA SHTOEHY
SCRATCH	STUDYING	NUTDIAL ZZIAMFB
SECTORS	SUBSECTION	NYCLOUH WSFEDTR
SHEFFIELD	THERAPY	USTHYGE NWIREAN
SOMEONE	VINCENT	PHIAONC ZEDAAVH
STADIUM	TRADING	UPFALLN IAJACKQ
STANLEY	TRANSFORM	UPFIXBL CMAPAEL
STANLEY	TRANSPORT	UPFIXLL CSAPAYL
STEWART	TRANSCRIPT	UPBEBUN UAYISOY
STORIES	TRIBUNE	UPSMERA IAYEUSM
STREAMS	TRACKED	UPMAHYB IATAITJ
STRIPES	TRADING	UPMYPRO IATLESV
STUDENT	TRANSACTIONS	UPXXTOE SUETABM
STUFFED	TRACTOR	UPXSOIG IAMCATS
SURFACES	VBULLETIN	POTXWECD LSFIGXEX
SURFING	VBULLETIN	POTXIRA GIAMXCD
TEACHES	VEGETATION	OFSAPGH EVICYIE
TEMPERATURE	VENDORS	OFIHOPE VSXVANS
THINKING	WINDSOR	TOMXIET HTLOTBL
THOUSAND	WINSTON	TOYKENF LTANSTR
TRANSITION	VATICAN	OKINSCR EBSWEDF
TRANSLATED	VATICAN	OKINSAX VYIWEFI
