Key 1	Key 2	Plaintext
DIFFERENTIAL	PLACING	MYASUEK QAMBOOT
DIRECTED	INDUCED	SKIUPJP IAZENIG
DISASTER	SUGGEST	IXAATUC IKCASCY
DISCLAIMER	HYGIENE	ALAPNOX SESEAVO
DISCLAIMERS	HIGHWAY	ATATALA SXSEPGM
DISCLOSE	PHYSICAL	MOMFILEP PTENTXCE
DISCLOSE	SUBLIMEDIRECTORY	IXFRIBAD CIXAINWO
DISCLOSE	SUPPOSE	IXLIZQA OKZIPIO
DISCOVER	SUPPLEMENTS	IXLIZXUN OFXGELUZ
DISCRETE	SUPPLEMENTS	IXLIPCYC OFXGASHO
DISCRETION	SCHEMES	IDSAYCH RXIZONE
DISCRETION	SMOKING	IRIMORA RASHEMA
DISCUSS	HUNGARY	AXRONXJ LLFEOFK
DISCUSS	SUSPENSION	IXHIISF RDALTHO
DISORDERS	THREADS	LONEGEA GYTOEFF
DISPATCH	SUPPORTERS	IXLUCKES WDIXBEEE
DISPATCH	SUPPORTING	IXLUCKEY OPIXBEEI
DISPATCHED	STREAMS	IINGACC YGENUSD
DISPLAY	STYLISH	IIMAIMB RCTAGXJ
DISPUTE	EXCLUDE	DUEAOLY EWMAAKY
DISPUTE	SCORING	IDIWEBK RNDRUMS
DISTANT	STRIPES	IINBERH RCYOUST
DISTRICT	SKATING	INGNOWY FOBINSA
DISTRICTS	STRIPES	IINBLOC FMSXAUS
DISTRICTS	WRITING	XMONOWY PIEDAMZ
DOCTORS	WHATEVER	XIDNOBA SKIMNUL
DOCUMENT	EXTRAORDINARY	DOGOVITL HJREDAVG
DOCUMENT	SECTION	IMBYHIF FSHEROO
DOCUMENTATION	SECTIONS	IMBYHIFU LMXDRYRH
DOLLARS	SOLUTIONS	IXMIDIG WCABITC
DOMAINS	WINDOWS	XHIDRIF CEDRITB
DOMESTIC	HEADQUARTERS	AMRSUSYU YENOSBYJ
DOMESTIC	IMPRESSED	SEOITUPE WWOWIAAP
DOMINICAN	SHARING	IIREGWY COXUPKL
DONATED	SEMESTER	IMICEJP ISAWWAG
DONATIONS	LARGEST	TVSASDI BETMOLE
DONATIONS	SERVERS	IMSXSIG WINOOUG
DOUGLAS	HYDROGEN	ARUGZEA OOMGOXH
DOWNLOADABLE	EVENING	DAMIIAT EZHILLU
DOWNLOADABLE	EXHIBIT	DOINVEG ERLEDGH
DRAINAGE	DRINKING	ESTNYCMA LYGOTHUP
DRAINAGE	PREDICT	MSBYGIA YIKEYSD
DRAINAGE	SHOWING	INHIGOX OOAMIJP
DRAWINGS	SPECIFIES	ITBULKVH MUCHVICA
DRESSED	PRESTON	MSTIEIU URSLUTJ
DRESSED	PROJECTORS	MSDOTED BSXXAGL
DRESSES	PRESTON	MSTIEIZ URSLUTB
DRINKING	SIMPSONS	IMNOIEFF CTCATDAN
DROPPED	INSULIN	SHIPROU NEDIIXJ
ECOLOGY	VESSELS	XHITORJ CEDGASK
ECONOMY	EMPLOYEE	CAMLEEE EWIFIFD
ECONOMY	GABRIEL	AMGARYO LPHAITV
EFFECTS	INDIANAPOLIS	OPTROBE WONOSUM
EGYPTIAN	PHRASES	LAWLEOE UIDAIMJ
ELECTRO	ILLEGAL	OKXATWY UGMACHY
ELEGANT	OPTICAL	IHEZOOP REMWAXK
ELEGANT	PSYCHOLOGICAL	LEGOKAP CIFADDF
EMBASSY	RELIABLE	NOROBLO RIBITCD
EMBEDDED	RELATES	NORCADA YIBERLI
EMERGENCY	RECEIVE	NOSINXQ PSIRMUN
EMISSION	TECHNOLOGY	JOYAVEYA DAPODHAZ
EMPIRICAL	RENTCOM	NOTBEEW OLLBYIX
EMPLOYED	GROCERY	AIMROYE HLAYERN
EMPLOYEE	GROCERY	AIMROYE GLAYERN
EMPLOYER	GROCERY	AIMROYE WLAYERN
ENABLED	STAFFING	HEFAMOU THLYMES
ENCOUNTER	OBJECTIVE	IARELBOXR DAIFXIAND
ENCOUNTER	WRITING	WHYMENA WXIITWH
ENCOURAGE	WRITING	WHYMEET UHIITOL
ENCOURAGED	OBJECTS	IARELKE PUPUNAD
ENCOURAGES	OBJECTS	IARELKE PUAUNAD
ENCRYPTION	THEOREM	JRSUMLY KAIDXEC
ENFORCEMENT	EXPIRES	CLEANEA TEDDISH
ENGLISH	EQUIPMENT	CUMUPAZ PHGOVST
ENHANCE	STANDING	HEORMAQ THXIXCO
