Key Letters	Keystream Letters
ABCDGM	DHIJKLMNOQRUVWYZ
ABDEJQ	DHIJKLMNOQRSTUVWXY
ABEGJQ	ADHIJKMNOPQRSUVWXY
ABEGPQ	ADEHIJKMNOQRSUVWXY
ABEMPQ	DEFHIJKMNOPRSUVWYZ
ABFJNY	CDFHIJKMNOQRSTUWXY
ABGHMO	DFGHIJKMNOQRSUVWYZ
ACDHLO	BDFHIJKLMNOQRUVWXY
ACDHLR	BDEHIJKLMNOQRUWXY
ACFHPX	ADFHIJKLMNORSUVWXY
ACFNPQ	DFGHIJKMNOPRSUVWXY
ACGHMR	BDHIJKMNOQRSUVWYZ
ACGHMS	DFGHIJKMNOQRSUVWXYZ
ACGHSV	CDFGHIJKMNOPQRUVWY
ACHKOR	ABCDFHIJKMNORSUWY
ACHLMR	BCDHIJKMNORSUWXYZ
ACHNOV	ADFHIJKMNOPRUWXY
ADGHKO	ADFGHIKLMNOQRUWXY
ADGHLO	BDFHIKLMNOQRTUVWXY
ADGHMO	DFHIKLMNOQRSUWXYZ
ADGHOU	BCDFHIJKLMNOQRUWXY
ADGHOX	BDEFHIKLMNOPQRUVWXY
AEFHPQ	BDHIKLMNORSUVWXYZ
AEFHPX	CDFHIKLMNORSUVWXYZ
AEJQRZ	BDFHIKLMNORSUVWXY
AFHIJP	DHIKLMNOPRSTUVWXY
AFHPQX	BDFHIKLMNORSUVWXY
AFJNOV	BCDFHIKLMNOPRSUWXY
AGHJPY	CDHIJKLMNOPQRSTUWY
AGHMOR	BDFHIKMNOQRSUWYZ
AGHMOW	DEFHIKMNOQRSTUWYZ
AGHMOY	ACDFHIJKMNOQRSTUWYZ
AGHMRV	BCDHIKMNOPQRSUWYZ
AHKMOR	ABDFHIKMNORSUWYZ
AHKORV	ABDFHIKMNOPRSUVWY
AHORTV	BCDEFHIKMNOPRSUWY
AHRTVW	BDEHIKMNOPQRTUWXY
AJKQUX	ADEHIJKMNOQRSUVWXY
AJNPYZ	CDFHIKMNORSTUVWXY
AJOQUX	DEFHIJKMNOPRSUVWYZ
AJQRXZ	BDHIKLMNORSUVWXYZ
AJQSVZ	DFGHIJKMNOPRSUVWXY
AKMRWX	ABDHIJKMNOQRTUVWXYZ
AKPQUX	ADHIJKMNOPQRSUVWXY
APQUWX	DHIJKLMNOQRSTUVWXY
BCDGMO	DGHIJKLMNOQRUVWY
BCDGMS	DFHIJKLMNOQRUVWXY
BCDGMW	ADIJKLMNOQRSUVWY
BCDGMY	DEFIJKLMNOQRTUVWY
BCGHLY	BDEIJKLMNORTUVWYZ
BCGHMR	CDHIJKLMNORSUVWY
BCGHMS	DFHIJKLMNOQRSUVWXY
BCGHSV	CDFHIJKLMNOQRTUVWY
BCGHSW	DEFHIJKLMNOPQRSUVWY
BCGIMS	ADFHIJKLMNORTUVWXY
BDGHKO	BDGHIJKMNOQRUVWXY
BDGHLO	BDGIJKMNOQRTUVWXYZ
BDGHLY	BDFIJKMNOQRTUVWXYZ
BDGHMO	DGIJKMNOQRSUVWXY
BDGHMR	CDEHIJKMNOQRSUVWXY
BDGHOU	BCDGIJKMNOPQRUVWXY
BDGHOW	ADEGIJKMNOQRUVWXY
BDGLMY	BCDFIJKMNOQRTUWYZ
BDGOVW	ACDGIJKMNOQRSTUWY
BEGIJY	DGIJKLMNOPRSTUVWXY
BFIJMP	ABDEIJKMNOQRSTUWXY
BGHIKO	BDGHIJKMNOPQRTUVWY
BGHMOR	CDGHIJKMNORSUVWY
BGHMOW	DEGIJKMNOQRSUVWY
BGHMOY	ADGIJKMNOQRSTUVWY
BGHMRV	CDHIJKMNORSTUVWY
BGHRVW	CDEHIJKMNOQRTUVWXY
BGIKMN	ABDEFGIJKMNORSTUWY
BGIKMR	ABCDGHIJKMNORTUWY
BGIKNO	BDFGIJKMNOQRSTUWXY
BGINVW	BCDEFIJKMNOQRSTUWY
BGKMRW	BCDGHIJKMNOQRUWXY
BGMNRV	CDEFHIJKMNOQRSTUWY
BGMOVW	CDGHIJKMNOQRTUWY
BGNRVW	CDFHIJKMNOQRSTUWXY
BIJKNY	BCDFIJKLMNORSTUWXY
BIKNPY	BDEFIJKLMNOPRSTUVWY
BJMOVW	BDFGHIJKMNOQRSTUWXY
BKMNWY	BDEFIJKMNOQRTUWYZ
BKMPRW	BCDEIJKMNOPQRSTUWXY
BKMQRW	BCDFHIJKLMNOQRUWXY
BKMRUW	BCDGIJKMNOPQRUVWXY
BKMRWX	BCDIJKMNOQRSUVWXYZ
BKNVWY	BDFIJKMNOQRTUVWXYZ
BMOPVW	BDEGHIJKMNOQRSTUWYZ
BMOVWX	DGHIJKMNOPQRSTUVWY
BMOVWZ	ADGHIJKLMNOQRTUVWXY
CDEGMO	DHIJKMNOPQRUVWXY
CDEGMS	DFIJKLMNOPQRUVWXY
CDEGMT	BDGHIKLMNOPQRUVWXY
CDEGMW	ABDIKMNOPQRSUVWXY
CDEGMY	DEFGIKMNOPQRTUVWXY
CDEHLO	BDHIJKMNOQRUVWXYZ
CDEHLR	BDEFIKMNOQRUVWXYZ
CDEKMO	CDEHIJKMNOPQRUVWY
CDELSZ	BCDFIJKLMNOQRUVWXY
CDEMOU	DGHIJKMNOPQRSTUVWY
CDFGMO	DHIKLMNOQRTUVWXYZ
CDFGMP	DFGIJKMNOQRSTUVWXYZ
CDFGMS	DFIJKMNOQRTUVWXYZ
CDFGMW	ACDIKMNOQRSTUVWXYZ
CDFGMY	DEFHIKMNOQRTUVWXYZ
CDFHLO	BDHIKLMNOPQRUVWXY
CDFHLR	BDEGIKMNOPQRUVWXY
CDFHLX	ABDFIKMNOPQRUVWXY
CDFHOV	BDHIKLMNOQRSUVWXY
CDFKMO	CDFHIKLMNOQRTUVWXY
CDFLNS	BDFIJKMNOPQRUVWXYZ
CDFMOU	ADGHIJKLMNOQRTUVWXY
CDGIMS	ADFIJKMNOQRTUVWXYZ
CDGISU	BDFIJKMNOQRTUVWXYZ
CDGJMO	BDHIKMNOPQRSUVWYZ
CDGMNY	DEFIKMNOPQRSTUVWY
CDGMOP	BDFGHIJKMNOQRSUVWY
CDGMPS	CDFGIJKMNOQRSUVWXY
CDGMPW	ADFGIJKMNOQRSUVWY
CDGMPY	DEFGIJKMNOQRSTUVWY
CDGMWX	ABDEIJKMNOQRSUVWY
CDHJLO	ABDHIKMNOQRSTUVWXYZ
CDHJOV	DFHIKMNOQRSTUWXYZ
CDHKRU	CDEHIJKMNOQRTUVWXY
CDHKSU	CDFHIJKMNOQRSTUWXY
CDHLOT	BCDGHIKMNOQRUVWXY
CDHLQR	BDEHIKMNOPQRTUWXY
CDHLRT	BDEGHIKMNOQRUWXY
CDHLST	BDFGHIJKMNOQRUWXY
CDIJMO	ABDHIKMNOQRSTUWXYZ
CDJKMO	BCDHIJKMNOQRSUWYZ
CDJMOU	BDEGHIJKMNOQRSTUWYZ
CDJMOV	BDFHIKMNOQRSUWYZ
CDJORV	DEFHIKLMNOQRSUWYZ
CDKMOP	BCDFGHIKMNOPQRSUWY
CDKMOU	CDGHIJKMNOQRTUWY
CDKMUW	ACDGIJKMNOQRSTUWY
CDKSUY	BCDEFIJKMNOQRSTUWY
CDLNTV	BDFGHIKMNOPQRSUWY
CDLRST	ABDEFGHIJKMNOQRUWY
CDLSTV	BDFGHIJKMNOQRSUWY
CDMOPU	BDFGHIJKMNOQRSTUWXY
CDORVZ	BCDEHIKMNOQRSTUWXY
CEFIRT	BDFGIJKMNOQRTUVWXY
CFGHMR	DGHIKMNORSTUVWXYZ
CFGHMS	DFIKMNOQRSTUVWXYZ
CFGHSV	BCDFIKMNOQRUVWXYZ
CFHIKO	CDFHIKLMNOPQRTUWXY
CFHIRT	BDGIJKMNOPRTUWXY
CFHKNR	ACDFGHIKMNOQRUWXY
CFHKOR	CDFGHIKLMNORSUWXY
CFHLMR	BCDGIKMNOPRSTUWXY
CFHMNR	ADEFGIKMNOQRSTUWXY
CFHMRT	BDGIJKMNORSTUVWXY
CFHMRV	BDGHIKMNORSTUWXY
CFHMVW	BCDEHIKMNOQRSTUWXY
CFHNOV	ABDFHIKLMNORUWXY
CFHOPV	BDFHIKLMNORSUWXYZ
CFHORV	BDGHIKLMNORSUWXY
CFHOSV	BDEFHIKLMNOQRUWXY
CFKMNW	CDEFIJKMNOQRSTUWXY
CFKNRV	BCDFGIKMNOQRUVWXY
CGHIMS	ADFIKMNOPQRSTUVWXY
CGHISV	CDEFIKMNOPQRTUVWXY
CGHLNY	ABDEFIJKMNORSTUVWY
CGHLST	BDFGIKLMNOQRTUVWY
CGHMPR	DFHIJKLMNORSTUVWY
CGHMPS	CDFIJKLMNOQRSUVWXY
CGHMQR	ABDFHIKMNOPRSUVWY
CGHSVZ	BCDFGIKMNOQRUVWXY
CGILMS	ABCDFIKMNORSTUVWXY
CGIMOS	ADEFHIKMNOQRTUVWXY
CHJKOR	CDHIJKLMNORSTUWYZ
CHKOQR	BCDHIKMNOPQRSUWYZ
CHKORU	CDHIJKMNORSTUVWY
CHKOSU	CDEFHIJKMNOQRSTUWY
CHLMPR	BCDFIKLMNOQRSTUWY
CHLMQR	BCDEFHIKMNOPRSUWY
CHLMRT	BCDGIKMNORSUVWY
CHMPVW	DEFHIKLMNOQRSUWYZ
CHMRVZ	BDGHIKLMNORSUWXY
CHORVZ	BDGHIKMNORSTUWXY
CJMRVZ	BDFHIKLMNORSUWXYZ
CKNQRV	CDFGHIJKMNOPQRUVWY
CKNRUV	CDFHIJKLMNOQRTUVWY
CKNRVY	CDEFIKMNOPQRTUVWXY
CKNRVZ	BCDFIKMNOQRUVWXYZ
CLMRST	ABCDFGIKMNORUVWXY
CLNSYZ	BDEFIJKMNORTUWXYZ
CLNTVW	BDFGHIJKMNOQRSUWY
CLSTVW	BDFGHIKMNOPQRSUWY
CMNRVZ	BDEFHIKLMNOQRUWXY
CMOPVW	BDFHIKMNOQRSUWYZ
CMPQSZ	BCDFHIKLMNOPRSUWXY
CMPRVW	DFHIKMNOQRSTUWXYZ
CMQRSV	ADFHIJKMNOPRUWXY
CMRSVZ	ABDFHIKLMNORUWXY
CMRVWZ	BDHIKLMNOQRSUVWXY
DEGHKO	DEGHIJKMNOQRUVWXYZ
DEGHLO	BDIJKMNOQRTUVWXYZ
DEGHMO	DIJKMNOPQRSUVWXYZ
DEGHOQ	ABDHIJKMNOQRTUVWXYZ
DEGHOU	BCDIJKMNOQRSUVWXYZ
DEKMOR	DEFIJKMNOPQRSUVWY
DEKOVW	ABDEIJKMNOQRSUVWY
DGHIJO	DIKMNOPQRSTUWXYZ
DGHJKO	DGHIJKMNOPQRSTUWXY
DGHJLO	ABDIKMNOPQRSTUVWXY
DGHJMO	BDIKMNOPQRSTUWXY
DGHJOU	BCDEIJKMNOPQRSTUWXY
DGHKOU	BCDGHIJKMNOQRUWXY
DGHLOT	BCDHIKLMNOQRTUVWXY
DGHMOP	BDGIJKLMNOQRSUWXY
DGIOSU	BDEFIJKMNOQRTUWYZ
DGOSVZ	CDEFIJKMNOQRSTUWXY
DJKMOR	BDEIJKLMNOQRSUWY
DJKOVW	ADFGIJKMNOQRSUVWY
DKMOPR	BDEGIKMNOPQRSTUWY
DKMOQR	DEFHIKMNOQRSTUWYZ
DKMORU	DEGIJKMNOQRSUVWY
DKMRUW	ADEGIJKMNOQRUVWXY
DKNRUV	DEFHIJKLMNOPQRSUVWY
DKOUVW	ADIJKLMNOQRSUVWY
DKOVWX	ABDIKMNOPQRSUVWXY
DKOVWZ	ACDIKMNOQRSTUVWXYZ
EFIJMP	ABDHIKMNOPRSTUVWXY
EFIJOP	BDHIJKLMNOQRSTUVWXY
EFIJST	BDFIJKLMNOQRSTUVWXY
EFIRST	ABDFGIJKLMNORTUVWXY
EGHLST	BDFIKLMNOQRTUVWXYZ
EJQRVZ	ADFHIJKLMNORSUVWXY
EJQRXZ	CDFHIKLMNORSUVWXYZ
EKLNRT	BDEFIKLMNOQRTUVWY
EKMQRW	BDEFHIKLMNOPQRUVWXY
ERTVWZ	ABDFIKMNOPQRUVWXY
FGHMOP	BDIJKLMNORSTUWXYZ
FIJPQS	CDFHIKMNORSTUVWXY
FINSTV	BDEFIJKMNORTUWXYZ
FKMOPR	BDFGIKLMNOPRSTUWXY
FNTVWX	BCDFIJKLMNOQRUVWXY
GHJMOR	BDHIKLMNOPRSTUWY
GHJMOW	BDEGIKMNOPQRSTUWY
GHJMOY	ABDIJKMNOPQRSTUWY
GHJMOZ	BDFGIKLMNOPRSTUWXY
GHKOUY	ABCDGHIJKMNORTUWY
GHLNTY	ABDFIJKLMNORSTUWY
GHLRST	ABDFHIKLMNOQRTUWY
GHLSTX	BDEFIKLMNOQRTUVWY
GHLSTY	BDFIJKLMNOQRSTUWY
GHMNOY	ADEFIJKMNOQRSTUWXY
GHMOPR	BDHIJKLMNORSTUWY
GHMOPW	BDEIJKLMNOQRSUWY
GHMOPY	ABDIJKLMNOQRSTUWY
GHMOQR	ABDFHIKMNORSUWYZ
GHMOWX	DEFIJKMNOPQRSUVWY
GHMPRV	CDHIJKLMNORSTUWYZ
GHMQRV	ABCDFHIJKMNORSUWY
GHMRVZ	CDFGHIKLMNORSUWXY
GHRSVZ	ACDFGHIKMNOQRUWXY
GIJSUY	BDEFIJKLMNOPRSTUVWY
GIPSUY	BCDFIJKLMNORSTUWXY
GJMOVW	BCDFGHIKMNOPQRSUWY
GKMPRW	DGHIJKMNOPQRSTUWXY
GKMQRW	ADFGHIKLMNOQRUWXY
GKMRUW	BDGHIJKMNOQRUVWXY
GKMRUY	BDGHIJKMNOPQRTUVWY
GKMRWX	DEGHIJKMNOQRUVWXYZ
GKMSUY	BDFGIJKMNOQRSTUWXY
GKOSUY	ABDEFGIJKMNORSTUWY
GMOPVW	BCDHIJKMNOQRSUWYZ
GMOVWX	CDEHIJKMNOPQRUVWY
GMOVWZ	CDFHIKLMNOQRTUVWXY
GMRVYZ	CDFHIKLMNOPQRTUWXY
HJKMOR	BDHIJKLMNORSTUWY
HJKORV	DFHIJKLMNORSTUVWY
HJORTV	BCDFIKLMNOQRSTUWY
HKLNRT	ABDFHIKLMNOQRTUWY
HKMOPR	BDHIKLMNOPRSTUWY
HKMOQR	BDFHIKMNOQRSUWYZ
HKMORU	CDGHIJKMNORSUVWY
HKOQRV	BDHIJKMNOQRSUVWYZ
HKORUV	CDHIJKLMNORSUVWY
HKORUW	CDEHIJKMNOQRSUVWXY
HKORVZ	DGHIKMNORSTUVWXYZ
HLNOTV	ABCDFGIKMNORUVWXY
HLNTVW	ABDEFGHIJKMNOQRUWY
HLNXYZ	ABDFGIJKLMNORTUVWXY
HLORTV	BCDGIKMNORSUVWY
HLORVZ	BDGIJKMNORSTUVWXY
HLRTVW	BDEGHIKMNOQRUWXY
HLRVYZ	BDGIJKMNOPRTUWXY
HLVXYZ	BDFGIJKMNOQRTUVWXY
HOQRTV	BCDHIJKMNORSUWXYZ
HORSVZ	ADEFGIKMNOQRSTUWXY
HORTVZ	BCDGIKMNOPRSTUWXY
HQRTVW	BDEHIJKLMNOQRUWXY
HRTVWX	BDEFIKMNOQRUVWXYZ
HRTVWZ	BDEGIKMNOPQRUVWXY
IJKMOR	ABDIJKLMNOQRSTUWY
IJKOVW	DEFGIJKMNOQRSTUVWY
IJKPQR	CDHIJKLMNOPQRSTUWY
IKLNRT	BDFIJKLMNOQRSTUWY
IKLRST	ABDFIJKLMNORSTUWY
IKMOPR	ABDIJKMNOPQRSTUWY
IKMOQR	ACDFHIJKMNOQRSTUWYZ
IKMORS	ADEFIJKMNOQRSTUWXY
IKMORU	ADGIJKMNOQRSTUVWY
IKOSVW	DEFIKMNOPQRSTUVWY
IKOTUW	BCDFIJKMNOQRTUWYZ
IKOUVW	DEFIJKLMNOQRTUVWY
IKOVWX	DEFGIKMNOPQRTUVWXY
IKOVWZ	DEFHIKMNOQRTUVWXYZ
IKPUXY	DGIJKLMNOPRSTUVWXY
IKRSTV	ABDEFIJKMNORSTUVWY
IKRTUV	BDEIJKLMNORTUVWYZ
IKRTUW	BDFIJKMNOQRTUVWXYZ
IPQSUZ	CDFHIJKMNOQRSTUWXY
JKMORW	BDGIJKLMNOQRSUWXY
JKMORZ	BDIJKLMNORSTUWXYZ
JKMOVW	BDFGHIJKMNOQRSUVWY
JKNORV	CDFIJKLMNOQRSUVWXY
JKNOVW	CDFGIJKMNOQRSUVWXY
JKOVWZ	DFGIJKMNOQRSTUVWXYZ
JMPXYZ	BDHIJKLMNOQRSTUVWXY
JOPUYZ	ABDEIJKMNOQRSTUWXY
JOPXYZ	ABDHIKMNOPRSTUVWXY
JPQRYZ	DHIKLMNOPRSTUVWXY
KLMRTW	BCDHIKLMNOQRTUVWXY
KLNRTV	BDFGIKLMNOQRTUVWY
KLNRTX	BDFIKLMNOQRTUVWXYZ
KLOVWX	BDGHIKLMNOPQRUVWXY
KMNOVY	ADEFHIKMNOQRTUVWXY
KMOPRW	BDIKMNOPQRSTUWXY
KMOPVW	BDHIKMNOPQRSUVWYZ
KMOQRU	DFGHIJKMNOQRSUVWYZ
KMOQRW	DFHIKLMNOQRSUWXYZ
KMORUW	DGIJKMNOQRSUVWXY
KMORWX	DIJKMNOPQRSUVWXYZ
KMOUVW	DGHIJKLMNOQRUVWY
KMOVWX	DHIJKMNOPQRUVWXY
KMOVWZ	DHIKLMNOQRTUVWXYZ
KMPRTW	ABDIKMNOPQRSTUVWXY
KMPRWY	DIKMNOPQRSTUWXYZ
KMQRTW	BDFHIKLMNOQRTUVWXY
KMRTUW	BDGIJKMNOQRTUVWXYZ
KMRTWX	BDIJKMNOQRTUVWXYZ
KNOQRV	DFGHIJKMNOQRSUVWXYZ
KNORUV	DFHIJKLMNOQRSUVWXY
KNORVY	ADFIKMNOPQRSTUVWXY
KNORVZ	DFIKMNOQRSTUVWXYZ
KNOTVY	ABCDFIKMNORSTUVWXY
KNOUVW	DFHIJKLMNOQRUVWXY
KNOUVY	ADFHIJKLMNORTUVWXY
KNOVWX	DFIJKLMNOPQRUVWXY
KNOVWY	ADFIJKMNOQRTUVWXYZ
KNOVWZ	DFIJKMNOQRTUVWXYZ
KOQUVW	DHIJKLMNOQRUVWYZ
LMRTVW	BCDGHIKMNOQRUVWXY
LNPXYZ	BDFIJKLMNOQRSTUVWXY
LNRTVW	BDFGHIJKMNOQRUWXY
MOPVWY	ABDHIKMNOQRSTUWXYZ
MPRTVW	ABDHIKMNOQRSTUVWXYZ
MQRTVW	BDFHIJKLMNOQRUVWXY
MRTVWX	BDHIJKMNOQRUVWXYZ
MRTVWZ	BDHIKLMNOPQRUVWXY
NSTVWZ	BDFIJKMNOPQRUVWXYZ
